[ 2015-09-24T23:31:28+08:00 ] 127.0.0.1 /taobaoke/
INFO: [ app_init ] --START--
INFO: Run Behavior\BuildLiteBehavior [ RunTime:0.000013s ]
INFO: [ app_init ] --END-- [ RunTime:0.000073s ]
NOTIC: [8] Use of undefined constant WEB_ROOT - assumed 'WEB_ROOT' /Applications/XAMPP/xamppfiles/htdocs/taobaoke/Index/Home/Conf/config.php 第 15 行.
NOTIC: [8] Use of undefined constant WEB_ROOT - assumed 'WEB_ROOT' /Applications/XAMPP/xamppfiles/htdocs/taobaoke/Index/Home/Conf/config.php 第 17 行.
INFO: [ app_begin ] --START--
INFO: Run Behavior\ReadHtmlCacheBehavior [ RunTime:0.000755s ]
INFO: [ app_begin ] --END-- [ RunTime:0.000823s ]
INFO: [ view_parse ] --START--
INFO: [ template_filter ] --START--
INFO: Run Behavior\ContentReplaceBehavior [ RunTime:0.000054s ]
INFO: [ template_filter ] --END-- [ RunTime:0.000112s ]
INFO: Run Behavior\ParseTemplateBehavior [ RunTime:0.189763s ]
INFO: [ view_parse ] --END-- [ RunTime:0.189920s ]
INFO: [ view_filter ] --START--
INFO: Run Behavior\WriteHtmlCacheBehavior [ RunTime:0.041184s ]
INFO: [ view_filter ] --END-- [ RunTime:0.041263s ]
INFO: [ app_end ] --START--
INFO: Run Behavior\ShowPageTraceBehavior [ RunTime:0.032947s ]
INFO: [ app_end ] --END-- [ RunTime:0.033019s ]

