[ 2015-10-11T12:50:23+08:00 ] ::1 /taobaoke/
INFO: [ app_init ] --START--
INFO: Run Behavior\BuildLiteBehavior [ RunTime:0.007006s ]
INFO: [ app_init ] --END-- [ RunTime:0.017057s ]
NOTIC: [8] Use of undefined constant WEB_ROOT - assumed 'WEB_ROOT' /Applications/XAMPP/xamppfiles/htdocs/taobaoke/Index/Home/Conf/config.php 第 15 行.
NOTIC: [8] Use of undefined constant WEB_ROOT - assumed 'WEB_ROOT' /Applications/XAMPP/xamppfiles/htdocs/taobaoke/Index/Home/Conf/config.php 第 17 行.
NOTIC: [2] include(simple_html_dom.php): failed to open stream: No such file or directory /Applications/XAMPP/xamppfiles/htdocs/taobaoke/Index/Home/Common/function.php 第 2 行.
NOTIC: [2] include(): Failed opening 'simple_html_dom.php' for inclusion (include_path='.:/Applications/XAMPP/xamppfiles/lib/php') /Applications/XAMPP/xamppfiles/htdocs/taobaoke/Index/Home/Common/function.php 第 2 行.
INFO: [ app_begin ] --START--
INFO: Run Behavior\ReadHtmlCacheBehavior [ RunTime:0.010486s ]
INFO: [ app_begin ] --END-- [ RunTime:0.010576s ]
SQL: SHOW COLUMNS FROM `tbk_scroll` [ RunTime:0.2201s ]
SQL: SELECT * FROM `tbk_scroll` WHERE `type` = 'SHOP' ORDER BY sort  [ RunTime:0.0239s ]
SQL: SELECT * FROM `tbk_scroll` WHERE `type` = 'INDEX' ORDER BY sort  [ RunTime:0.0005s ]
SQL: SHOW COLUMNS FROM `tbk_picture` [ RunTime:0.0196s ]
SQL: SELECT * FROM `tbk_picture` WHERE `type` = 'MANCLOTH' LIMIT 1   [ RunTime:0.0004s ]
SQL: SELECT * FROM `tbk_picture` WHERE `type` = 'WOMANCLOTH' LIMIT 1   [ RunTime:0.0002s ]
SQL: SELECT * FROM `tbk_picture` WHERE `type` = 'SHOE' LIMIT 1   [ RunTime:0.0002s ]
SQL: SHOW COLUMNS FROM `tbk_webinfo` [ RunTime:0.0333s ]
SQL: SELECT * FROM `tbk_webinfo` WHERE `type` = 'QQ' LIMIT 1   [ RunTime:0.0235s ]
INFO: [ view_parse ] --START--
INFO: [ template_filter ] --START--
INFO: Run Behavior\ContentReplaceBehavior [ RunTime:0.000047s ]
INFO: [ template_filter ] --END-- [ RunTime:0.000102s ]
NOTIC: [8] Undefined variable: key /Applications/XAMPP/xamppfiles/htdocs/taobaoke/Cache/Runtime/Index/Cache/Home/f8cf203eb98c60ed9cec339b90173a5c.php 第 97 行.
NOTIC: [8] Undefined variable: key /Applications/XAMPP/xamppfiles/htdocs/taobaoke/Cache/Runtime/Index/Cache/Home/f8cf203eb98c60ed9cec339b90173a5c.php 第 97 行.
NOTIC: [8] Undefined variable: key /Applications/XAMPP/xamppfiles/htdocs/taobaoke/Cache/Runtime/Index/Cache/Home/f8cf203eb98c60ed9cec339b90173a5c.php 第 104 行.
INFO: Run Behavior\ParseTemplateBehavior [ RunTime:0.097397s ]
INFO: [ view_parse ] --END-- [ RunTime:0.097460s ]
INFO: [ view_filter ] --START--
INFO: Run Behavior\WriteHtmlCacheBehavior [ RunTime:0.012269s ]
INFO: [ view_filter ] --END-- [ RunTime:0.012339s ]
INFO: [ app_end ] --START--
INFO: Run Behavior\ShowPageTraceBehavior [ RunTime:0.016374s ]
INFO: [ app_end ] --END-- [ RunTime:0.016487s ]

[ 2015-10-11T12:51:54+08:00 ] ::1 /taobaoke/
INFO: [ app_init ] --START--
INFO: Run Behavior\BuildLiteBehavior [ RunTime:0.000015s ]
INFO: [ app_init ] --END-- [ RunTime:0.000105s ]
NOTIC: [8] Use of undefined constant WEB_ROOT - assumed 'WEB_ROOT' /Applications/XAMPP/xamppfiles/htdocs/taobaoke/Index/Home/Conf/config.php 第 15 行.
NOTIC: [8] Use of undefined constant WEB_ROOT - assumed 'WEB_ROOT' /Applications/XAMPP/xamppfiles/htdocs/taobaoke/Index/Home/Conf/config.php 第 17 行.
NOTIC: [2] include(simple_html_dom.php): failed to open stream: No such file or directory /Applications/XAMPP/xamppfiles/htdocs/taobaoke/Index/Home/Common/function.php 第 2 行.
NOTIC: [2] include(): Failed opening 'simple_html_dom.php' for inclusion (include_path='.:/Applications/XAMPP/xamppfiles/lib/php') /Applications/XAMPP/xamppfiles/htdocs/taobaoke/Index/Home/Common/function.php 第 2 行.
INFO: [ app_begin ] --START--
INFO: Run Behavior\ReadHtmlCacheBehavior [ RunTime:0.000993s ]
INFO: [ app_begin ] --END-- [ RunTime:0.001077s ]
SQL: SHOW COLUMNS FROM `tbk_scroll` [ RunTime:0.0373s ]
SQL: SELECT * FROM `tbk_scroll` WHERE `type` = 'SHOP' ORDER BY sort  [ RunTime:0.0006s ]
SQL: SELECT * FROM `tbk_scroll` WHERE `type` = 'INDEX' ORDER BY sort  [ RunTime:0.0004s ]
SQL: SHOW COLUMNS FROM `tbk_picture` [ RunTime:0.0020s ]
SQL: SELECT * FROM `tbk_picture` WHERE `type` = 'MANCLOTH' LIMIT 1   [ RunTime:0.0004s ]
SQL: SELECT * FROM `tbk_picture` WHERE `type` = 'WOMANCLOTH' LIMIT 1   [ RunTime:0.0003s ]
SQL: SELECT * FROM `tbk_picture` WHERE `type` = 'SHOE' LIMIT 1   [ RunTime:0.0002s ]
SQL: SHOW COLUMNS FROM `tbk_webinfo` [ RunTime:0.0015s ]
SQL: SELECT * FROM `tbk_webinfo` WHERE `type` = 'QQ' LIMIT 1   [ RunTime:0.0003s ]
INFO: [ view_parse ] --START--
INFO: [ template_filter ] --START--
INFO: Run Behavior\ContentReplaceBehavior [ RunTime:0.000041s ]
INFO: [ template_filter ] --END-- [ RunTime:0.000089s ]
NOTIC: [8] Undefined variable: key /Applications/XAMPP/xamppfiles/htdocs/taobaoke/Cache/Runtime/Index/Cache/Home/f8cf203eb98c60ed9cec339b90173a5c.php 第 97 行.
NOTIC: [8] Undefined variable: key /Applications/XAMPP/xamppfiles/htdocs/taobaoke/Cache/Runtime/Index/Cache/Home/f8cf203eb98c60ed9cec339b90173a5c.php 第 97 行.
NOTIC: [8] Undefined variable: key /Applications/XAMPP/xamppfiles/htdocs/taobaoke/Cache/Runtime/Index/Cache/Home/f8cf203eb98c60ed9cec339b90173a5c.php 第 104 行.
INFO: Run Behavior\ParseTemplateBehavior [ RunTime:0.023128s ]
INFO: [ view_parse ] --END-- [ RunTime:0.023201s ]
INFO: [ view_filter ] --START--
INFO: Run Behavior\WriteHtmlCacheBehavior [ RunTime:0.000359s ]
INFO: [ view_filter ] --END-- [ RunTime:0.000397s ]
INFO: [ app_end ] --START--
INFO: Run Behavior\ShowPageTraceBehavior [ RunTime:0.000621s ]
INFO: [ app_end ] --END-- [ RunTime:0.000665s ]

[ 2015-10-11T12:52:11+08:00 ] ::1 /taobaoke/
INFO: [ app_init ] --START--
INFO: Run Behavior\BuildLiteBehavior [ RunTime:0.000017s ]
INFO: [ app_init ] --END-- [ RunTime:0.000124s ]
NOTIC: [8] Use of undefined constant WEB_ROOT - assumed 'WEB_ROOT' /Applications/XAMPP/xamppfiles/htdocs/taobaoke/Index/Home/Conf/config.php 第 15 行.
NOTIC: [8] Use of undefined constant WEB_ROOT - assumed 'WEB_ROOT' /Applications/XAMPP/xamppfiles/htdocs/taobaoke/Index/Home/Conf/config.php 第 17 行.
NOTIC: [2] include(simple_html_dom.php): failed to open stream: No such file or directory /Applications/XAMPP/xamppfiles/htdocs/taobaoke/Index/Home/Common/function.php 第 2 行.
NOTIC: [2] include(): Failed opening 'simple_html_dom.php' for inclusion (include_path='.:/Applications/XAMPP/xamppfiles/lib/php') /Applications/XAMPP/xamppfiles/htdocs/taobaoke/Index/Home/Common/function.php 第 2 行.
INFO: [ app_begin ] --START--
INFO: Run Behavior\ReadHtmlCacheBehavior [ RunTime:0.000453s ]
INFO: [ app_begin ] --END-- [ RunTime:0.000520s ]
SQL: SHOW COLUMNS FROM `tbk_scroll` [ RunTime:0.0015s ]
SQL: SELECT * FROM `tbk_scroll` WHERE `type` = 'SHOP' ORDER BY sort  [ RunTime:0.0004s ]
SQL: SELECT * FROM `tbk_scroll` WHERE `type` = 'INDEX' ORDER BY sort  [ RunTime:0.0002s ]
SQL: SHOW COLUMNS FROM `tbk_picture` [ RunTime:0.0013s ]
SQL: SELECT * FROM `tbk_picture` WHERE `type` = 'MANCLOTH' LIMIT 1   [ RunTime:0.0004s ]
SQL: SELECT * FROM `tbk_picture` WHERE `type` = 'WOMANCLOTH' LIMIT 1   [ RunTime:0.0004s ]
SQL: SELECT * FROM `tbk_picture` WHERE `type` = 'SHOE' LIMIT 1   [ RunTime:0.0003s ]
SQL: SHOW COLUMNS FROM `tbk_webinfo` [ RunTime:0.0018s ]
SQL: SELECT * FROM `tbk_webinfo` WHERE `type` = 'QQ' LIMIT 1   [ RunTime:0.0004s ]
INFO: [ view_parse ] --START--
INFO: [ template_filter ] --START--
INFO: Run Behavior\ContentReplaceBehavior [ RunTime:0.000033s ]
INFO: [ template_filter ] --END-- [ RunTime:0.000075s ]
NOTIC: [8] Undefined variable: key /Applications/XAMPP/xamppfiles/htdocs/taobaoke/Cache/Runtime/Index/Cache/Home/f8cf203eb98c60ed9cec339b90173a5c.php 第 97 行.
NOTIC: [8] Undefined variable: key /Applications/XAMPP/xamppfiles/htdocs/taobaoke/Cache/Runtime/Index/Cache/Home/f8cf203eb98c60ed9cec339b90173a5c.php 第 97 行.
NOTIC: [8] Undefined variable: key /Applications/XAMPP/xamppfiles/htdocs/taobaoke/Cache/Runtime/Index/Cache/Home/f8cf203eb98c60ed9cec339b90173a5c.php 第 104 行.
INFO: Run Behavior\ParseTemplateBehavior [ RunTime:0.007544s ]
INFO: [ view_parse ] --END-- [ RunTime:0.007617s ]
INFO: [ view_filter ] --START--
INFO: Run Behavior\WriteHtmlCacheBehavior [ RunTime:0.000109s ]
INFO: [ view_filter ] --END-- [ RunTime:0.000136s ]
INFO: [ app_end ] --START--
INFO: Run Behavior\ShowPageTraceBehavior [ RunTime:0.000315s ]
INFO: [ app_end ] --END-- [ RunTime:0.000349s ]

[ 2015-10-11T12:52:34+08:00 ] ::1 /taobaoke/
INFO: [ app_init ] --START--
INFO: Run Behavior\BuildLiteBehavior [ RunTime:0.000022s ]
INFO: [ app_init ] --END-- [ RunTime:0.000144s ]
NOTIC: [8] Use of undefined constant WEB_ROOT - assumed 'WEB_ROOT' /Applications/XAMPP/xamppfiles/htdocs/taobaoke/Index/Home/Conf/config.php 第 15 行.
NOTIC: [8] Use of undefined constant WEB_ROOT - assumed 'WEB_ROOT' /Applications/XAMPP/xamppfiles/htdocs/taobaoke/Index/Home/Conf/config.php 第 17 行.
NOTIC: [2] include(simple_html_dom.php): failed to open stream: No such file or directory /Applications/XAMPP/xamppfiles/htdocs/taobaoke/Index/Home/Common/function.php 第 2 行.
NOTIC: [2] include(): Failed opening 'simple_html_dom.php' for inclusion (include_path='.:/Applications/XAMPP/xamppfiles/lib/php') /Applications/XAMPP/xamppfiles/htdocs/taobaoke/Index/Home/Common/function.php 第 2 行.
INFO: [ app_begin ] --START--
INFO: Run Behavior\ReadHtmlCacheBehavior [ RunTime:0.000956s ]
INFO: [ app_begin ] --END-- [ RunTime:0.001036s ]
SQL: SHOW COLUMNS FROM `tbk_scroll` [ RunTime:0.0015s ]
SQL: SELECT * FROM `tbk_scroll` WHERE `type` = 'SHOP' ORDER BY sort  [ RunTime:0.0004s ]
SQL: SELECT * FROM `tbk_scroll` WHERE `type` = 'INDEX' ORDER BY sort  [ RunTime:0.0002s ]
SQL: SHOW COLUMNS FROM `tbk_picture` [ RunTime:0.0011s ]
SQL: SELECT * FROM `tbk_picture` WHERE `type` = 'MANCLOTH' LIMIT 1   [ RunTime:0.0002s ]
SQL: SELECT * FROM `tbk_picture` WHERE `type` = 'WOMANCLOTH' LIMIT 1   [ RunTime:0.0002s ]
SQL: SELECT * FROM `tbk_picture` WHERE `type` = 'SHOE' LIMIT 1   [ RunTime:0.0002s ]
SQL: SHOW COLUMNS FROM `tbk_webinfo` [ RunTime:0.0014s ]
SQL: SELECT * FROM `tbk_webinfo` WHERE `type` = 'QQ' LIMIT 1   [ RunTime:0.0004s ]
INFO: [ view_parse ] --START--
INFO: [ template_filter ] --START--
INFO: Run Behavior\ContentReplaceBehavior [ RunTime:0.000045s ]
INFO: [ template_filter ] --END-- [ RunTime:0.000089s ]
NOTIC: [8] Undefined variable: key /Applications/XAMPP/xamppfiles/htdocs/taobaoke/Cache/Runtime/Index/Cache/Home/f8cf203eb98c60ed9cec339b90173a5c.php 第 97 行.
NOTIC: [8] Undefined variable: key /Applications/XAMPP/xamppfiles/htdocs/taobaoke/Cache/Runtime/Index/Cache/Home/f8cf203eb98c60ed9cec339b90173a5c.php 第 97 行.
NOTIC: [8] Undefined variable: key /Applications/XAMPP/xamppfiles/htdocs/taobaoke/Cache/Runtime/Index/Cache/Home/f8cf203eb98c60ed9cec339b90173a5c.php 第 104 行.
INFO: Run Behavior\ParseTemplateBehavior [ RunTime:0.009684s ]
INFO: [ view_parse ] --END-- [ RunTime:0.009739s ]
INFO: [ view_filter ] --START--
INFO: Run Behavior\WriteHtmlCacheBehavior [ RunTime:0.000349s ]
INFO: [ view_filter ] --END-- [ RunTime:0.000380s ]
INFO: [ app_end ] --START--
INFO: Run Behavior\ShowPageTraceBehavior [ RunTime:0.000522s ]
INFO: [ app_end ] --END-- [ RunTime:0.000556s ]

[ 2015-10-11T12:52:55+08:00 ] ::1 /taobaoke/
INFO: [ app_init ] --START--
INFO: Run Behavior\BuildLiteBehavior [ RunTime:0.000011s ]
INFO: [ app_init ] --END-- [ RunTime:0.000051s ]
NOTIC: [8] Use of undefined constant WEB_ROOT - assumed 'WEB_ROOT' /Applications/XAMPP/xamppfiles/htdocs/taobaoke/Index/Home/Conf/config.php 第 15 行.
NOTIC: [8] Use of undefined constant WEB_ROOT - assumed 'WEB_ROOT' /Applications/XAMPP/xamppfiles/htdocs/taobaoke/Index/Home/Conf/config.php 第 17 行.
NOTIC: [2] include(simple_html_dom.php): failed to open stream: No such file or directory /Applications/XAMPP/xamppfiles/htdocs/taobaoke/Index/Home/Common/function.php 第 2 行.
NOTIC: [2] include(): Failed opening 'simple_html_dom.php' for inclusion (include_path='.:/Applications/XAMPP/xamppfiles/lib/php') /Applications/XAMPP/xamppfiles/htdocs/taobaoke/Index/Home/Common/function.php 第 2 行.
INFO: [ app_begin ] --START--
INFO: Run Behavior\ReadHtmlCacheBehavior [ RunTime:0.000299s ]
INFO: [ app_begin ] --END-- [ RunTime:0.000332s ]
SQL: SHOW COLUMNS FROM `tbk_scroll` [ RunTime:0.0018s ]
SQL: SELECT * FROM `tbk_scroll` WHERE `type` = 'SHOP' ORDER BY sort  [ RunTime:0.0004s ]
SQL: SELECT * FROM `tbk_scroll` WHERE `type` = 'INDEX' ORDER BY sort  [ RunTime:0.0003s ]
SQL: SHOW COLUMNS FROM `tbk_picture` [ RunTime:0.0014s ]
SQL: SELECT * FROM `tbk_picture` WHERE `type` = 'MANCLOTH' LIMIT 1   [ RunTime:0.0003s ]
SQL: SELECT * FROM `tbk_picture` WHERE `type` = 'WOMANCLOTH' LIMIT 1   [ RunTime:0.0002s ]
SQL: SELECT * FROM `tbk_picture` WHERE `type` = 'SHOE' LIMIT 1   [ RunTime:0.0002s ]
SQL: SHOW COLUMNS FROM `tbk_webinfo` [ RunTime:0.0015s ]
SQL: SELECT * FROM `tbk_webinfo` WHERE `type` = 'QQ' LIMIT 1   [ RunTime:0.0004s ]
INFO: [ view_parse ] --START--
INFO: [ template_filter ] --START--
INFO: Run Behavior\ContentReplaceBehavior [ RunTime:0.000039s ]
INFO: [ template_filter ] --END-- [ RunTime:0.000090s ]
NOTIC: [8] Undefined variable: key /Applications/XAMPP/xamppfiles/htdocs/taobaoke/Cache/Runtime/Index/Cache/Home/f8cf203eb98c60ed9cec339b90173a5c.php 第 97 行.
NOTIC: [8] Undefined variable: key /Applications/XAMPP/xamppfiles/htdocs/taobaoke/Cache/Runtime/Index/Cache/Home/f8cf203eb98c60ed9cec339b90173a5c.php 第 97 行.
NOTIC: [8] Undefined variable: key /Applications/XAMPP/xamppfiles/htdocs/taobaoke/Cache/Runtime/Index/Cache/Home/f8cf203eb98c60ed9cec339b90173a5c.php 第 104 行.
INFO: Run Behavior\ParseTemplateBehavior [ RunTime:0.007249s ]
INFO: [ view_parse ] --END-- [ RunTime:0.007293s ]
INFO: [ view_filter ] --START--
INFO: Run Behavior\WriteHtmlCacheBehavior [ RunTime:0.000151s ]
INFO: [ view_filter ] --END-- [ RunTime:0.000183s ]
INFO: [ app_end ] --START--
INFO: Run Behavior\ShowPageTraceBehavior [ RunTime:0.000377s ]
INFO: [ app_end ] --END-- [ RunTime:0.000420s ]

[ 2015-10-11T12:53:37+08:00 ] ::1 /taobaoke/
INFO: [ app_init ] --START--
INFO: Run Behavior\BuildLiteBehavior [ RunTime:0.000022s ]
INFO: [ app_init ] --END-- [ RunTime:0.000141s ]
NOTIC: [8] Use of undefined constant WEB_ROOT - assumed 'WEB_ROOT' /Applications/XAMPP/xamppfiles/htdocs/taobaoke/Index/Home/Conf/config.php 第 15 行.
NOTIC: [8] Use of undefined constant WEB_ROOT - assumed 'WEB_ROOT' /Applications/XAMPP/xamppfiles/htdocs/taobaoke/Index/Home/Conf/config.php 第 17 行.
NOTIC: [2] include(simple_html_dom.php): failed to open stream: No such file or directory /Applications/XAMPP/xamppfiles/htdocs/taobaoke/Index/Home/Common/function.php 第 2 行.
NOTIC: [2] include(): Failed opening 'simple_html_dom.php' for inclusion (include_path='.:/Applications/XAMPP/xamppfiles/lib/php') /Applications/XAMPP/xamppfiles/htdocs/taobaoke/Index/Home/Common/function.php 第 2 行.
INFO: [ app_begin ] --START--
INFO: Run Behavior\ReadHtmlCacheBehavior [ RunTime:0.001094s ]
INFO: [ app_begin ] --END-- [ RunTime:0.001186s ]
SQL: SHOW COLUMNS FROM `tbk_scroll` [ RunTime:0.0252s ]
SQL: SELECT * FROM `tbk_scroll` WHERE `type` = 'SHOP' ORDER BY sort  [ RunTime:0.0005s ]
SQL: SELECT * FROM `tbk_scroll` WHERE `type` = 'INDEX' ORDER BY sort  [ RunTime:0.0005s ]
SQL: SHOW COLUMNS FROM `tbk_picture` [ RunTime:0.0014s ]
SQL: SELECT * FROM `tbk_picture` WHERE `type` = 'MANCLOTH' LIMIT 1   [ RunTime:0.0003s ]
SQL: SELECT * FROM `tbk_picture` WHERE `type` = 'WOMANCLOTH' LIMIT 1   [ RunTime:0.0002s ]
SQL: SELECT * FROM `tbk_picture` WHERE `type` = 'SHOE' LIMIT 1   [ RunTime:0.0002s ]
SQL: SHOW COLUMNS FROM `tbk_webinfo` [ RunTime:0.0015s ]
SQL: SELECT * FROM `tbk_webinfo` WHERE `type` = 'QQ' LIMIT 1   [ RunTime:0.0004s ]
INFO: [ view_parse ] --START--
INFO: [ template_filter ] --START--
INFO: Run Behavior\ContentReplaceBehavior [ RunTime:0.000037s ]
INFO: [ template_filter ] --END-- [ RunTime:0.000082s ]
NOTIC: [8] Undefined variable: key /Applications/XAMPP/xamppfiles/htdocs/taobaoke/Cache/Runtime/Index/Cache/Home/f8cf203eb98c60ed9cec339b90173a5c.php 第 97 行.
NOTIC: [8] Undefined variable: key /Applications/XAMPP/xamppfiles/htdocs/taobaoke/Cache/Runtime/Index/Cache/Home/f8cf203eb98c60ed9cec339b90173a5c.php 第 97 行.
NOTIC: [8] Undefined variable: key /Applications/XAMPP/xamppfiles/htdocs/taobaoke/Cache/Runtime/Index/Cache/Home/f8cf203eb98c60ed9cec339b90173a5c.php 第 104 行.
INFO: Run Behavior\ParseTemplateBehavior [ RunTime:0.010121s ]
INFO: [ view_parse ] --END-- [ RunTime:0.010165s ]
INFO: [ view_filter ] --START--
INFO: Run Behavior\WriteHtmlCacheBehavior [ RunTime:0.000320s ]
INFO: [ view_filter ] --END-- [ RunTime:0.000347s ]
INFO: [ app_end ] --START--
INFO: Run Behavior\ShowPageTraceBehavior [ RunTime:0.000568s ]
INFO: [ app_end ] --END-- [ RunTime:0.000610s ]

[ 2015-10-11T12:53:51+08:00 ] ::1 /taobaoke/
INFO: [ app_init ] --START--
INFO: Run Behavior\BuildLiteBehavior [ RunTime:0.000016s ]
INFO: [ app_init ] --END-- [ RunTime:0.000109s ]
NOTIC: [8] Use of undefined constant WEB_ROOT - assumed 'WEB_ROOT' /Applications/XAMPP/xamppfiles/htdocs/taobaoke/Index/Home/Conf/config.php 第 15 行.
NOTIC: [8] Use of undefined constant WEB_ROOT - assumed 'WEB_ROOT' /Applications/XAMPP/xamppfiles/htdocs/taobaoke/Index/Home/Conf/config.php 第 17 行.
NOTIC: [2] include(simple_html_dom.php): failed to open stream: No such file or directory /Applications/XAMPP/xamppfiles/htdocs/taobaoke/Index/Home/Common/function.php 第 2 行.
NOTIC: [2] include(): Failed opening 'simple_html_dom.php' for inclusion (include_path='.:/Applications/XAMPP/xamppfiles/lib/php') /Applications/XAMPP/xamppfiles/htdocs/taobaoke/Index/Home/Common/function.php 第 2 行.
INFO: [ app_begin ] --START--
INFO: Run Behavior\ReadHtmlCacheBehavior [ RunTime:0.000413s ]
INFO: [ app_begin ] --END-- [ RunTime:0.000460s ]
SQL: SHOW COLUMNS FROM `tbk_scroll` [ RunTime:0.0015s ]
SQL: SELECT * FROM `tbk_scroll` WHERE `type` = 'SHOP' ORDER BY sort  [ RunTime:0.0004s ]
SQL: SELECT * FROM `tbk_scroll` WHERE `type` = 'INDEX' ORDER BY sort  [ RunTime:0.0003s ]
SQL: SHOW COLUMNS FROM `tbk_picture` [ RunTime:0.0012s ]
SQL: SELECT * FROM `tbk_picture` WHERE `type` = 'MANCLOTH' LIMIT 1   [ RunTime:0.0004s ]
SQL: SELECT * FROM `tbk_picture` WHERE `type` = 'WOMANCLOTH' LIMIT 1   [ RunTime:0.0003s ]
SQL: SELECT * FROM `tbk_picture` WHERE `type` = 'SHOE' LIMIT 1   [ RunTime:0.0003s ]
SQL: SHOW COLUMNS FROM `tbk_webinfo` [ RunTime:0.0030s ]
SQL: SELECT * FROM `tbk_webinfo` WHERE `type` = 'QQ' LIMIT 1   [ RunTime:0.0004s ]
INFO: [ view_parse ] --START--
INFO: [ template_filter ] --START--
INFO: Run Behavior\ContentReplaceBehavior [ RunTime:0.000044s ]
INFO: [ template_filter ] --END-- [ RunTime:0.000093s ]
NOTIC: [8] Undefined variable: key /Applications/XAMPP/xamppfiles/htdocs/taobaoke/Cache/Runtime/Index/Cache/Home/f8cf203eb98c60ed9cec339b90173a5c.php 第 97 行.
NOTIC: [8] Undefined variable: key /Applications/XAMPP/xamppfiles/htdocs/taobaoke/Cache/Runtime/Index/Cache/Home/f8cf203eb98c60ed9cec339b90173a5c.php 第 97 行.
NOTIC: [8] Undefined variable: key /Applications/XAMPP/xamppfiles/htdocs/taobaoke/Cache/Runtime/Index/Cache/Home/f8cf203eb98c60ed9cec339b90173a5c.php 第 104 行.
INFO: Run Behavior\ParseTemplateBehavior [ RunTime:0.009859s ]
INFO: [ view_parse ] --END-- [ RunTime:0.009912s ]
INFO: [ view_filter ] --START--
INFO: Run Behavior\WriteHtmlCacheBehavior [ RunTime:0.000131s ]
INFO: [ view_filter ] --END-- [ RunTime:0.000160s ]
INFO: [ app_end ] --START--
INFO: Run Behavior\ShowPageTraceBehavior [ RunTime:0.000351s ]
INFO: [ app_end ] --END-- [ RunTime:0.000387s ]

[ 2015-10-11T12:54:00+08:00 ] ::1 /taobaoke/
INFO: [ app_init ] --START--
INFO: Run Behavior\BuildLiteBehavior [ RunTime:0.000010s ]
INFO: [ app_init ] --END-- [ RunTime:0.000050s ]
NOTIC: [8] Use of undefined constant WEB_ROOT - assumed 'WEB_ROOT' /Applications/XAMPP/xamppfiles/htdocs/taobaoke/Index/Home/Conf/config.php 第 15 行.
NOTIC: [8] Use of undefined constant WEB_ROOT - assumed 'WEB_ROOT' /Applications/XAMPP/xamppfiles/htdocs/taobaoke/Index/Home/Conf/config.php 第 17 行.
NOTIC: [2] include(simple_html_dom.php): failed to open stream: No such file or directory /Applications/XAMPP/xamppfiles/htdocs/taobaoke/Index/Home/Common/function.php 第 2 行.
NOTIC: [2] include(): Failed opening 'simple_html_dom.php' for inclusion (include_path='.:/Applications/XAMPP/xamppfiles/lib/php') /Applications/XAMPP/xamppfiles/htdocs/taobaoke/Index/Home/Common/function.php 第 2 行.
INFO: [ app_begin ] --START--
INFO: Run Behavior\ReadHtmlCacheBehavior [ RunTime:0.000556s ]
INFO: [ app_begin ] --END-- [ RunTime:0.000620s ]
SQL: SHOW COLUMNS FROM `tbk_scroll` [ RunTime:0.0017s ]
SQL: SELECT * FROM `tbk_scroll` WHERE `type` = 'SHOP' ORDER BY sort  [ RunTime:0.0004s ]
SQL: SELECT * FROM `tbk_scroll` WHERE `type` = 'INDEX' ORDER BY sort  [ RunTime:0.0003s ]
SQL: SHOW COLUMNS FROM `tbk_picture` [ RunTime:0.0017s ]
SQL: SELECT * FROM `tbk_picture` WHERE `type` = 'MANCLOTH' LIMIT 1   [ RunTime:0.0003s ]
SQL: SELECT * FROM `tbk_picture` WHERE `type` = 'WOMANCLOTH' LIMIT 1   [ RunTime:0.0002s ]
SQL: SELECT * FROM `tbk_picture` WHERE `type` = 'SHOE' LIMIT 1   [ RunTime:0.0002s ]
SQL: SHOW COLUMNS FROM `tbk_webinfo` [ RunTime:0.0014s ]
SQL: SELECT * FROM `tbk_webinfo` WHERE `type` = 'QQ' LIMIT 1   [ RunTime:0.0004s ]
INFO: [ view_parse ] --START--
INFO: [ template_filter ] --START--
INFO: Run Behavior\ContentReplaceBehavior [ RunTime:0.000040s ]
INFO: [ template_filter ] --END-- [ RunTime:0.000090s ]
NOTIC: [8] Undefined variable: key /Applications/XAMPP/xamppfiles/htdocs/taobaoke/Cache/Runtime/Index/Cache/Home/f8cf203eb98c60ed9cec339b90173a5c.php 第 97 行.
NOTIC: [8] Undefined variable: key /Applications/XAMPP/xamppfiles/htdocs/taobaoke/Cache/Runtime/Index/Cache/Home/f8cf203eb98c60ed9cec339b90173a5c.php 第 97 行.
NOTIC: [8] Undefined variable: key /Applications/XAMPP/xamppfiles/htdocs/taobaoke/Cache/Runtime/Index/Cache/Home/f8cf203eb98c60ed9cec339b90173a5c.php 第 104 行.
INFO: Run Behavior\ParseTemplateBehavior [ RunTime:0.008254s ]
INFO: [ view_parse ] --END-- [ RunTime:0.008318s ]
INFO: [ view_filter ] --START--
INFO: Run Behavior\WriteHtmlCacheBehavior [ RunTime:0.000143s ]
INFO: [ view_filter ] --END-- [ RunTime:0.000172s ]
INFO: [ app_end ] --START--
INFO: Run Behavior\ShowPageTraceBehavior [ RunTime:0.000347s ]
INFO: [ app_end ] --END-- [ RunTime:0.000379s ]

[ 2015-10-11T12:54:10+08:00 ] ::1 /taobaoke/index.php/Production/Mancloth.html
INFO: [ app_init ] --START--
INFO: Run Behavior\BuildLiteBehavior [ RunTime:0.000017s ]
INFO: [ app_init ] --END-- [ RunTime:0.000145s ]
NOTIC: [8] Use of undefined constant WEB_ROOT - assumed 'WEB_ROOT' /Applications/XAMPP/xamppfiles/htdocs/taobaoke/Index/Home/Conf/config.php 第 15 行.
NOTIC: [8] Use of undefined constant WEB_ROOT - assumed 'WEB_ROOT' /Applications/XAMPP/xamppfiles/htdocs/taobaoke/Index/Home/Conf/config.php 第 17 行.
NOTIC: [2] include(simple_html_dom.php): failed to open stream: No such file or directory /Applications/XAMPP/xamppfiles/htdocs/taobaoke/Index/Home/Common/function.php 第 2 行.
NOTIC: [2] include(): Failed opening 'simple_html_dom.php' for inclusion (include_path='.:/Applications/XAMPP/xamppfiles/lib/php') /Applications/XAMPP/xamppfiles/htdocs/taobaoke/Index/Home/Common/function.php 第 2 行.
INFO: [ app_begin ] --START--
INFO: Run Behavior\ReadHtmlCacheBehavior [ RunTime:0.000602s ]
INFO: [ app_begin ] --END-- [ RunTime:0.000682s ]
SQL: SHOW COLUMNS FROM `tbk_scroll` [ RunTime:0.0015s ]
SQL: SELECT * FROM `tbk_scroll` WHERE `type` = 'SHOP' ORDER BY sort  [ RunTime:0.0004s ]
SQL: SELECT * FROM `tbk_scroll` WHERE `type` = 'PRODUCTION' ORDER BY sort  [ RunTime:0.0004s ]
NOTIC: [8] Undefined index: classify /Applications/XAMPP/xamppfiles/htdocs/taobaoke/Index/Home/Controller/ProductionController.class.php 第 60 行.
NOTIC: [8] Undefined index: p /Applications/XAMPP/xamppfiles/htdocs/taobaoke/Index/Home/Controller/ProductionController.class.php 第 69 行.
SQL: SHOW COLUMNS FROM `tbk_production` [ RunTime:0.0430s ]
SQL: SELECT * FROM `tbk_production` WHERE `type` = 'MANCLOTH' ORDER BY sort LIMIT 0,15   [ RunTime:0.0756s ]
SQL: SELECT COUNT(*) AS tp_count FROM `tbk_production` WHERE `type` = 'MANCLOTH' LIMIT 1   [ RunTime:0.0656s ]
SQL: SHOW COLUMNS FROM `tbk_classification` [ RunTime:0.0189s ]
SQL: SELECT * FROM `tbk_classification` WHERE `type` = 'MANCLOTH' ORDER BY sort  [ RunTime:0.0004s ]
SQL: SHOW COLUMNS FROM `tbk_webinfo` [ RunTime:0.0013s ]
SQL: SELECT * FROM `tbk_webinfo` WHERE `type` = 'BEIAN' LIMIT 1   [ RunTime:0.0003s ]
SQL: SELECT * FROM `tbk_webinfo` WHERE `type` = 'BANQUAN' LIMIT 1   [ RunTime:0.0002s ]
INFO: [ view_parse ] --START--
INFO: [ template_filter ] --START--
INFO: Run Behavior\ContentReplaceBehavior [ RunTime:0.000070s ]
INFO: [ template_filter ] --END-- [ RunTime:0.000124s ]
NOTIC: [8] Undefined variable: QQ /Applications/XAMPP/xamppfiles/htdocs/taobaoke/Cache/Runtime/Index/Cache/Home/033695aaea9a9fbecd9a1c88d5ef746c.php 第 74 行.
INFO: Run Behavior\ParseTemplateBehavior [ RunTime:0.047688s ]
INFO: [ view_parse ] --END-- [ RunTime:0.047739s ]
INFO: [ view_filter ] --START--
INFO: Run Behavior\WriteHtmlCacheBehavior [ RunTime:0.000137s ]
INFO: [ view_filter ] --END-- [ RunTime:0.000164s ]
INFO: [ app_end ] --START--
INFO: Run Behavior\ShowPageTraceBehavior [ RunTime:0.000425s ]
INFO: [ app_end ] --END-- [ RunTime:0.000474s ]

[ 2015-10-11T12:55:13+08:00 ] ::1 /taobaoke/index.php/Production/Mancloth.html
INFO: [ app_init ] --START--
INFO: Run Behavior\BuildLiteBehavior [ RunTime:0.000010s ]
INFO: [ app_init ] --END-- [ RunTime:0.000047s ]
NOTIC: [8] Use of undefined constant WEB_ROOT - assumed 'WEB_ROOT' /Applications/XAMPP/xamppfiles/htdocs/taobaoke/Index/Home/Conf/config.php 第 15 行.
NOTIC: [8] Use of undefined constant WEB_ROOT - assumed 'WEB_ROOT' /Applications/XAMPP/xamppfiles/htdocs/taobaoke/Index/Home/Conf/config.php 第 17 行.
NOTIC: [2] include(simple_html_dom.php): failed to open stream: No such file or directory /Applications/XAMPP/xamppfiles/htdocs/taobaoke/Index/Home/Common/function.php 第 2 行.
NOTIC: [2] include(): Failed opening 'simple_html_dom.php' for inclusion (include_path='.:/Applications/XAMPP/xamppfiles/lib/php') /Applications/XAMPP/xamppfiles/htdocs/taobaoke/Index/Home/Common/function.php 第 2 行.
INFO: [ app_begin ] --START--
INFO: Run Behavior\ReadHtmlCacheBehavior [ RunTime:0.000287s ]
INFO: [ app_begin ] --END-- [ RunTime:0.000317s ]
SQL: SHOW COLUMNS FROM `tbk_scroll` [ RunTime:0.0342s ]
SQL: SELECT * FROM `tbk_scroll` WHERE `type` = 'SHOP' ORDER BY sort  [ RunTime:0.0007s ]
SQL: SELECT * FROM `tbk_scroll` WHERE `type` = 'PRODUCTION' ORDER BY sort  [ RunTime:0.0004s ]
NOTIC: [8] Undefined index: classify /Applications/XAMPP/xamppfiles/htdocs/taobaoke/Index/Home/Controller/ProductionController.class.php 第 60 行.
NOTIC: [8] Undefined index: p /Applications/XAMPP/xamppfiles/htdocs/taobaoke/Index/Home/Controller/ProductionController.class.php 第 69 行.
SQL: SHOW COLUMNS FROM `tbk_production` [ RunTime:0.0018s ]
SQL: SELECT * FROM `tbk_production` WHERE `type` = 'MANCLOTH' ORDER BY sort LIMIT 0,15   [ RunTime:0.0005s ]
SQL: SELECT COUNT(*) AS tp_count FROM `tbk_production` WHERE `type` = 'MANCLOTH' LIMIT 1   [ RunTime:0.0002s ]
SQL: SHOW COLUMNS FROM `tbk_classification` [ RunTime:0.0016s ]
SQL: SELECT * FROM `tbk_classification` WHERE `type` = 'MANCLOTH' ORDER BY sort  [ RunTime:0.0004s ]
SQL: SHOW COLUMNS FROM `tbk_webinfo` [ RunTime:0.0014s ]
SQL: SELECT * FROM `tbk_webinfo` WHERE `type` = 'BEIAN' LIMIT 1   [ RunTime:0.0003s ]
SQL: SELECT * FROM `tbk_webinfo` WHERE `type` = 'BANQUAN' LIMIT 1   [ RunTime:0.0003s ]
INFO: [ view_parse ] --START--
INFO: [ template_filter ] --START--
INFO: Run Behavior\ContentReplaceBehavior [ RunTime:0.000061s ]
INFO: [ template_filter ] --END-- [ RunTime:0.000116s ]
NOTIC: [8] Undefined variable: QQ /Applications/XAMPP/xamppfiles/htdocs/taobaoke/Cache/Runtime/Index/Cache/Home/033695aaea9a9fbecd9a1c88d5ef746c.php 第 74 行.
INFO: Run Behavior\ParseTemplateBehavior [ RunTime:0.041595s ]
INFO: [ view_parse ] --END-- [ RunTime:0.041650s ]
INFO: [ view_filter ] --START--
INFO: Run Behavior\WriteHtmlCacheBehavior [ RunTime:0.000223s ]
INFO: [ view_filter ] --END-- [ RunTime:0.000262s ]
INFO: [ app_end ] --START--
INFO: Run Behavior\ShowPageTraceBehavior [ RunTime:0.000649s ]
INFO: [ app_end ] --END-- [ RunTime:0.000717s ]

[ 2015-10-11T12:55:20+08:00 ] ::1 /taobaoke/index.php/Production/Mancloth.html
INFO: [ app_init ] --START--
INFO: Run Behavior\BuildLiteBehavior [ RunTime:0.000017s ]
INFO: [ app_init ] --END-- [ RunTime:0.000121s ]
NOTIC: [8] Use of undefined constant WEB_ROOT - assumed 'WEB_ROOT' /Applications/XAMPP/xamppfiles/htdocs/taobaoke/Index/Home/Conf/config.php 第 15 行.
NOTIC: [8] Use of undefined constant WEB_ROOT - assumed 'WEB_ROOT' /Applications/XAMPP/xamppfiles/htdocs/taobaoke/Index/Home/Conf/config.php 第 17 行.
NOTIC: [2] include(simple_html_dom.php): failed to open stream: No such file or directory /Applications/XAMPP/xamppfiles/htdocs/taobaoke/Index/Home/Common/function.php 第 2 行.
NOTIC: [2] include(): Failed opening 'simple_html_dom.php' for inclusion (include_path='.:/Applications/XAMPP/xamppfiles/lib/php') /Applications/XAMPP/xamppfiles/htdocs/taobaoke/Index/Home/Common/function.php 第 2 行.
INFO: [ app_begin ] --START--
INFO: Run Behavior\ReadHtmlCacheBehavior [ RunTime:0.000500s ]
INFO: [ app_begin ] --END-- [ RunTime:0.000567s ]
SQL: SHOW COLUMNS FROM `tbk_scroll` [ RunTime:0.0017s ]
SQL: SELECT * FROM `tbk_scroll` WHERE `type` = 'SHOP' ORDER BY sort  [ RunTime:0.0003s ]
SQL: SELECT * FROM `tbk_scroll` WHERE `type` = 'PRODUCTION' ORDER BY sort  [ RunTime:0.0002s ]
NOTIC: [8] Undefined index: classify /Applications/XAMPP/xamppfiles/htdocs/taobaoke/Index/Home/Controller/ProductionController.class.php 第 60 行.
NOTIC: [8] Undefined index: p /Applications/XAMPP/xamppfiles/htdocs/taobaoke/Index/Home/Controller/ProductionController.class.php 第 69 行.
SQL: SHOW COLUMNS FROM `tbk_production` [ RunTime:0.0014s ]
SQL: SELECT * FROM `tbk_production` WHERE `type` = 'MANCLOTH' ORDER BY sort LIMIT 0,15   [ RunTime:0.0004s ]
SQL: SELECT COUNT(*) AS tp_count FROM `tbk_production` WHERE `type` = 'MANCLOTH' LIMIT 1   [ RunTime:0.0002s ]
SQL: SHOW COLUMNS FROM `tbk_classification` [ RunTime:0.0020s ]
SQL: SELECT * FROM `tbk_classification` WHERE `type` = 'MANCLOTH' ORDER BY sort  [ RunTime:0.0004s ]
SQL: SHOW COLUMNS FROM `tbk_webinfo` [ RunTime:0.0015s ]
SQL: SELECT * FROM `tbk_webinfo` WHERE `type` = 'BEIAN' LIMIT 1   [ RunTime:0.0003s ]
SQL: SELECT * FROM `tbk_webinfo` WHERE `type` = 'BANQUAN' LIMIT 1   [ RunTime:0.0003s ]
INFO: [ view_parse ] --START--
INFO: [ template_filter ] --START--
INFO: Run Behavior\ContentReplaceBehavior [ RunTime:0.000049s ]
INFO: [ template_filter ] --END-- [ RunTime:0.000088s ]
NOTIC: [8] Undefined variable: QQ /Applications/XAMPP/xamppfiles/htdocs/taobaoke/Cache/Runtime/Index/Cache/Home/033695aaea9a9fbecd9a1c88d5ef746c.php 第 74 行.
INFO: Run Behavior\ParseTemplateBehavior [ RunTime:0.011802s ]
INFO: [ view_parse ] --END-- [ RunTime:0.011892s ]
INFO: [ view_filter ] --START--
INFO: Run Behavior\WriteHtmlCacheBehavior [ RunTime:0.000308s ]
INFO: [ view_filter ] --END-- [ RunTime:0.000371s ]
INFO: [ app_end ] --START--
INFO: Run Behavior\ShowPageTraceBehavior [ RunTime:0.000614s ]
INFO: [ app_end ] --END-- [ RunTime:0.000711s ]

[ 2015-10-11T12:56:07+08:00 ] ::1 /taobaoke/index.php/Production/Mancloth.html
INFO: [ app_init ] --START--
INFO: Run Behavior\BuildLiteBehavior [ RunTime:0.000015s ]
INFO: [ app_init ] --END-- [ RunTime:0.000082s ]
NOTIC: [8] Use of undefined constant WEB_ROOT - assumed 'WEB_ROOT' /Applications/XAMPP/xamppfiles/htdocs/taobaoke/Index/Home/Conf/config.php 第 15 行.
NOTIC: [8] Use of undefined constant WEB_ROOT - assumed 'WEB_ROOT' /Applications/XAMPP/xamppfiles/htdocs/taobaoke/Index/Home/Conf/config.php 第 17 行.
NOTIC: [2] include(simple_html_dom.php): failed to open stream: No such file or directory /Applications/XAMPP/xamppfiles/htdocs/taobaoke/Index/Home/Common/function.php 第 2 行.
NOTIC: [2] include(): Failed opening 'simple_html_dom.php' for inclusion (include_path='.:/Applications/XAMPP/xamppfiles/lib/php') /Applications/XAMPP/xamppfiles/htdocs/taobaoke/Index/Home/Common/function.php 第 2 行.
INFO: [ app_begin ] --START--
INFO: Run Behavior\ReadHtmlCacheBehavior [ RunTime:0.000509s ]
INFO: [ app_begin ] --END-- [ RunTime:0.000568s ]
SQL: SHOW COLUMNS FROM `tbk_scroll` [ RunTime:0.0012s ]
SQL: SELECT * FROM `tbk_scroll` WHERE `type` = 'SHOP' ORDER BY sort  [ RunTime:0.0003s ]
SQL: SELECT * FROM `tbk_scroll` WHERE `type` = 'PRODUCTION' ORDER BY sort  [ RunTime:0.0002s ]
NOTIC: [8] Undefined index: classify /Applications/XAMPP/xamppfiles/htdocs/taobaoke/Index/Home/Controller/ProductionController.class.php 第 60 行.
NOTIC: [8] Undefined index: p /Applications/XAMPP/xamppfiles/htdocs/taobaoke/Index/Home/Controller/ProductionController.class.php 第 69 行.
SQL: SHOW COLUMNS FROM `tbk_production` [ RunTime:0.0012s ]
SQL: SELECT * FROM `tbk_production` WHERE `type` = 'MANCLOTH' ORDER BY sort LIMIT 0,15   [ RunTime:0.0003s ]
SQL: SELECT COUNT(*) AS tp_count FROM `tbk_production` WHERE `type` = 'MANCLOTH' LIMIT 1   [ RunTime:0.0002s ]
SQL: SHOW COLUMNS FROM `tbk_classification` [ RunTime:0.0012s ]
SQL: SELECT * FROM `tbk_classification` WHERE `type` = 'MANCLOTH' ORDER BY sort  [ RunTime:0.0003s ]
SQL: SHOW COLUMNS FROM `tbk_webinfo` [ RunTime:0.0015s ]
SQL: SELECT * FROM `tbk_webinfo` WHERE `type` = 'BEIAN' LIMIT 1   [ RunTime:0.0003s ]
SQL: SELECT * FROM `tbk_webinfo` WHERE `type` = 'BANQUAN' LIMIT 1   [ RunTime:0.0003s ]
INFO: [ view_parse ] --START--
INFO: [ template_filter ] --START--
INFO: Run Behavior\ContentReplaceBehavior [ RunTime:0.000050s ]
INFO: [ template_filter ] --END-- [ RunTime:0.000094s ]
NOTIC: [8] Undefined variable: QQ /Applications/XAMPP/xamppfiles/htdocs/taobaoke/Cache/Runtime/Index/Cache/Home/033695aaea9a9fbecd9a1c88d5ef746c.php 第 74 行.
INFO: Run Behavior\ParseTemplateBehavior [ RunTime:0.011205s ]
INFO: [ view_parse ] --END-- [ RunTime:0.011240s ]
INFO: [ view_filter ] --START--
INFO: Run Behavior\WriteHtmlCacheBehavior [ RunTime:0.000124s ]
INFO: [ view_filter ] --END-- [ RunTime:0.000150s ]
INFO: [ app_end ] --START--
INFO: Run Behavior\ShowPageTraceBehavior [ RunTime:0.000436s ]
INFO: [ app_end ] --END-- [ RunTime:0.000487s ]

[ 2015-10-11T12:56:29+08:00 ] ::1 /taobaoke/index.php/Production/Mancloth.html
INFO: [ app_init ] --START--
INFO: Run Behavior\BuildLiteBehavior [ RunTime:0.000018s ]
INFO: [ app_init ] --END-- [ RunTime:0.000111s ]
NOTIC: [8] Use of undefined constant WEB_ROOT - assumed 'WEB_ROOT' /Applications/XAMPP/xamppfiles/htdocs/taobaoke/Index/Home/Conf/config.php 第 15 行.
NOTIC: [8] Use of undefined constant WEB_ROOT - assumed 'WEB_ROOT' /Applications/XAMPP/xamppfiles/htdocs/taobaoke/Index/Home/Conf/config.php 第 17 行.
NOTIC: [2] include(simple_html_dom.php): failed to open stream: No such file or directory /Applications/XAMPP/xamppfiles/htdocs/taobaoke/Index/Home/Common/function.php 第 2 行.
NOTIC: [2] include(): Failed opening 'simple_html_dom.php' for inclusion (include_path='.:/Applications/XAMPP/xamppfiles/lib/php') /Applications/XAMPP/xamppfiles/htdocs/taobaoke/Index/Home/Common/function.php 第 2 行.
INFO: [ app_begin ] --START--
INFO: Run Behavior\ReadHtmlCacheBehavior [ RunTime:0.000713s ]
INFO: [ app_begin ] --END-- [ RunTime:0.000804s ]
SQL: SHOW COLUMNS FROM `tbk_scroll` [ RunTime:0.0012s ]
SQL: SELECT * FROM `tbk_scroll` WHERE `type` = 'SHOP' ORDER BY sort  [ RunTime:0.0003s ]
SQL: SELECT * FROM `tbk_scroll` WHERE `type` = 'PRODUCTION' ORDER BY sort  [ RunTime:0.0002s ]
NOTIC: [8] Undefined index: classify /Applications/XAMPP/xamppfiles/htdocs/taobaoke/Index/Home/Controller/ProductionController.class.php 第 60 行.
NOTIC: [8] Undefined index: p /Applications/XAMPP/xamppfiles/htdocs/taobaoke/Index/Home/Controller/ProductionController.class.php 第 69 行.
SQL: SHOW COLUMNS FROM `tbk_production` [ RunTime:0.0011s ]
SQL: SELECT * FROM `tbk_production` WHERE `type` = 'MANCLOTH' ORDER BY sort LIMIT 0,15   [ RunTime:0.0004s ]
SQL: SELECT COUNT(*) AS tp_count FROM `tbk_production` WHERE `type` = 'MANCLOTH' LIMIT 1   [ RunTime:0.0003s ]
SQL: SHOW COLUMNS FROM `tbk_classification` [ RunTime:0.0013s ]
SQL: SELECT * FROM `tbk_classification` WHERE `type` = 'MANCLOTH' ORDER BY sort  [ RunTime:0.0004s ]
SQL: SHOW COLUMNS FROM `tbk_webinfo` [ RunTime:0.0026s ]
SQL: SELECT * FROM `tbk_webinfo` WHERE `type` = 'BEIAN' LIMIT 1   [ RunTime:0.0004s ]
SQL: SELECT * FROM `tbk_webinfo` WHERE `type` = 'BANQUAN' LIMIT 1   [ RunTime:0.0003s ]
INFO: [ view_parse ] --START--
INFO: [ template_filter ] --START--
INFO: Run Behavior\ContentReplaceBehavior [ RunTime:0.000048s ]
INFO: [ template_filter ] --END-- [ RunTime:0.000092s ]
NOTIC: [8] Undefined variable: QQ /Applications/XAMPP/xamppfiles/htdocs/taobaoke/Cache/Runtime/Index/Cache/Home/033695aaea9a9fbecd9a1c88d5ef746c.php 第 74 行.
INFO: Run Behavior\ParseTemplateBehavior [ RunTime:0.011194s ]
INFO: [ view_parse ] --END-- [ RunTime:0.011252s ]
INFO: [ view_filter ] --START--
INFO: Run Behavior\WriteHtmlCacheBehavior [ RunTime:0.000142s ]
INFO: [ view_filter ] --END-- [ RunTime:0.000171s ]
INFO: [ app_end ] --START--
INFO: Run Behavior\ShowPageTraceBehavior [ RunTime:0.000610s ]
INFO: [ app_end ] --END-- [ RunTime:0.000710s ]

[ 2015-10-11T12:56:38+08:00 ] ::1 /taobaoke/index.php/Production/Mancloth.html
INFO: [ app_init ] --START--
INFO: Run Behavior\BuildLiteBehavior [ RunTime:0.000011s ]
INFO: [ app_init ] --END-- [ RunTime:0.000051s ]
NOTIC: [8] Use of undefined constant WEB_ROOT - assumed 'WEB_ROOT' /Applications/XAMPP/xamppfiles/htdocs/taobaoke/Index/Home/Conf/config.php 第 15 行.
NOTIC: [8] Use of undefined constant WEB_ROOT - assumed 'WEB_ROOT' /Applications/XAMPP/xamppfiles/htdocs/taobaoke/Index/Home/Conf/config.php 第 17 行.
NOTIC: [2] include(simple_html_dom.php): failed to open stream: No such file or directory /Applications/XAMPP/xamppfiles/htdocs/taobaoke/Index/Home/Common/function.php 第 2 行.
NOTIC: [2] include(): Failed opening 'simple_html_dom.php' for inclusion (include_path='.:/Applications/XAMPP/xamppfiles/lib/php') /Applications/XAMPP/xamppfiles/htdocs/taobaoke/Index/Home/Common/function.php 第 2 行.
INFO: [ app_begin ] --START--
INFO: Run Behavior\ReadHtmlCacheBehavior [ RunTime:0.000322s ]
INFO: [ app_begin ] --END-- [ RunTime:0.000360s ]
SQL: SHOW COLUMNS FROM `tbk_scroll` [ RunTime:0.0015s ]
SQL: SELECT * FROM `tbk_scroll` WHERE `type` = 'SHOP' ORDER BY sort  [ RunTime:0.0003s ]
SQL: SELECT * FROM `tbk_scroll` WHERE `type` = 'PRODUCTION' ORDER BY sort  [ RunTime:0.0003s ]
NOTIC: [8] Undefined index: classify /Applications/XAMPP/xamppfiles/htdocs/taobaoke/Index/Home/Controller/ProductionController.class.php 第 60 行.
NOTIC: [8] Undefined index: p /Applications/XAMPP/xamppfiles/htdocs/taobaoke/Index/Home/Controller/ProductionController.class.php 第 69 行.
SQL: SHOW COLUMNS FROM `tbk_production` [ RunTime:0.0021s ]
SQL: SELECT * FROM `tbk_production` WHERE `type` = 'MANCLOTH' ORDER BY sort LIMIT 0,15   [ RunTime:0.0005s ]
SQL: SELECT COUNT(*) AS tp_count FROM `tbk_production` WHERE `type` = 'MANCLOTH' LIMIT 1   [ RunTime:0.0004s ]
SQL: SHOW COLUMNS FROM `tbk_classification` [ RunTime:0.0015s ]
SQL: SELECT * FROM `tbk_classification` WHERE `type` = 'MANCLOTH' ORDER BY sort  [ RunTime:0.0004s ]
SQL: SHOW COLUMNS FROM `tbk_webinfo` [ RunTime:0.0031s ]
SQL: SELECT * FROM `tbk_webinfo` WHERE `type` = 'BEIAN' LIMIT 1   [ RunTime:0.0003s ]
SQL: SELECT * FROM `tbk_webinfo` WHERE `type` = 'BANQUAN' LIMIT 1   [ RunTime:0.0002s ]
INFO: [ view_parse ] --START--
INFO: [ template_filter ] --START--
INFO: Run Behavior\ContentReplaceBehavior [ RunTime:0.000096s ]
INFO: [ template_filter ] --END-- [ RunTime:0.000177s ]
NOTIC: [8] Undefined variable: QQ /Applications/XAMPP/xamppfiles/htdocs/taobaoke/Cache/Runtime/Index/Cache/Home/033695aaea9a9fbecd9a1c88d5ef746c.php 第 74 行.
INFO: Run Behavior\ParseTemplateBehavior [ RunTime:0.012115s ]
INFO: [ view_parse ] --END-- [ RunTime:0.012181s ]
INFO: [ view_filter ] --START--
INFO: Run Behavior\WriteHtmlCacheBehavior [ RunTime:0.000205s ]
INFO: [ view_filter ] --END-- [ RunTime:0.000235s ]
INFO: [ app_end ] --START--
INFO: Run Behavior\ShowPageTraceBehavior [ RunTime:0.000489s ]
INFO: [ app_end ] --END-- [ RunTime:0.000559s ]

[ 2015-10-11T12:56:46+08:00 ] ::1 /taobaoke/index.php/Production/Mancloth.html
INFO: [ app_init ] --START--
INFO: Run Behavior\BuildLiteBehavior [ RunTime:0.000021s ]
INFO: [ app_init ] --END-- [ RunTime:0.000148s ]
NOTIC: [8] Use of undefined constant WEB_ROOT - assumed 'WEB_ROOT' /Applications/XAMPP/xamppfiles/htdocs/taobaoke/Index/Home/Conf/config.php 第 15 行.
NOTIC: [8] Use of undefined constant WEB_ROOT - assumed 'WEB_ROOT' /Applications/XAMPP/xamppfiles/htdocs/taobaoke/Index/Home/Conf/config.php 第 17 行.
NOTIC: [2] include(simple_html_dom.php): failed to open stream: No such file or directory /Applications/XAMPP/xamppfiles/htdocs/taobaoke/Index/Home/Common/function.php 第 2 行.
NOTIC: [2] include(): Failed opening 'simple_html_dom.php' for inclusion (include_path='.:/Applications/XAMPP/xamppfiles/lib/php') /Applications/XAMPP/xamppfiles/htdocs/taobaoke/Index/Home/Common/function.php 第 2 行.
INFO: [ app_begin ] --START--
INFO: Run Behavior\ReadHtmlCacheBehavior [ RunTime:0.000617s ]
INFO: [ app_begin ] --END-- [ RunTime:0.000697s ]
SQL: SHOW COLUMNS FROM `tbk_scroll` [ RunTime:0.0013s ]
SQL: SELECT * FROM `tbk_scroll` WHERE `type` = 'SHOP' ORDER BY sort  [ RunTime:0.0003s ]
SQL: SELECT * FROM `tbk_scroll` WHERE `type` = 'PRODUCTION' ORDER BY sort  [ RunTime:0.0003s ]
NOTIC: [8] Undefined index: classify /Applications/XAMPP/xamppfiles/htdocs/taobaoke/Index/Home/Controller/ProductionController.class.php 第 60 行.
NOTIC: [8] Undefined index: p /Applications/XAMPP/xamppfiles/htdocs/taobaoke/Index/Home/Controller/ProductionController.class.php 第 69 行.
SQL: SHOW COLUMNS FROM `tbk_production` [ RunTime:0.0012s ]
SQL: SELECT * FROM `tbk_production` WHERE `type` = 'MANCLOTH' ORDER BY sort LIMIT 0,15   [ RunTime:0.0004s ]
SQL: SELECT COUNT(*) AS tp_count FROM `tbk_production` WHERE `type` = 'MANCLOTH' LIMIT 1   [ RunTime:0.0002s ]
SQL: SHOW COLUMNS FROM `tbk_classification` [ RunTime:0.0037s ]
SQL: SELECT * FROM `tbk_classification` WHERE `type` = 'MANCLOTH' ORDER BY sort  [ RunTime:0.0005s ]
SQL: SHOW COLUMNS FROM `tbk_webinfo` [ RunTime:0.0021s ]
SQL: SELECT * FROM `tbk_webinfo` WHERE `type` = 'BEIAN' LIMIT 1   [ RunTime:0.0004s ]
SQL: SELECT * FROM `tbk_webinfo` WHERE `type` = 'BANQUAN' LIMIT 1   [ RunTime:0.0003s ]
INFO: [ view_parse ] --START--
INFO: [ template_filter ] --START--
INFO: Run Behavior\ContentReplaceBehavior [ RunTime:0.000059s ]
INFO: [ template_filter ] --END-- [ RunTime:0.000116s ]
NOTIC: [8] Undefined variable: QQ /Applications/XAMPP/xamppfiles/htdocs/taobaoke/Cache/Runtime/Index/Cache/Home/033695aaea9a9fbecd9a1c88d5ef746c.php 第 74 行.
INFO: Run Behavior\ParseTemplateBehavior [ RunTime:0.012407s ]
INFO: [ view_parse ] --END-- [ RunTime:0.012461s ]
INFO: [ view_filter ] --START--
INFO: Run Behavior\WriteHtmlCacheBehavior [ RunTime:0.000232s ]
INFO: [ view_filter ] --END-- [ RunTime:0.000270s ]
INFO: [ app_end ] --START--
INFO: Run Behavior\ShowPageTraceBehavior [ RunTime:0.000566s ]
INFO: [ app_end ] --END-- [ RunTime:0.000630s ]

[ 2015-10-11T12:57:17+08:00 ] ::1 /taobaoke/index.php/Production/Mancloth.html
INFO: [ app_init ] --START--
INFO: Run Behavior\BuildLiteBehavior [ RunTime:0.000011s ]
INFO: [ app_init ] --END-- [ RunTime:0.000052s ]
NOTIC: [8] Use of undefined constant WEB_ROOT - assumed 'WEB_ROOT' /Applications/XAMPP/xamppfiles/htdocs/taobaoke/Index/Home/Conf/config.php 第 15 行.
NOTIC: [8] Use of undefined constant WEB_ROOT - assumed 'WEB_ROOT' /Applications/XAMPP/xamppfiles/htdocs/taobaoke/Index/Home/Conf/config.php 第 17 行.
NOTIC: [2] include(simple_html_dom.php): failed to open stream: No such file or directory /Applications/XAMPP/xamppfiles/htdocs/taobaoke/Index/Home/Common/function.php 第 2 行.
NOTIC: [2] include(): Failed opening 'simple_html_dom.php' for inclusion (include_path='.:/Applications/XAMPP/xamppfiles/lib/php') /Applications/XAMPP/xamppfiles/htdocs/taobaoke/Index/Home/Common/function.php 第 2 行.
INFO: [ app_begin ] --START--
INFO: Run Behavior\ReadHtmlCacheBehavior [ RunTime:0.000343s ]
INFO: [ app_begin ] --END-- [ RunTime:0.000379s ]
SQL: SHOW COLUMNS FROM `tbk_scroll` [ RunTime:0.0014s ]
SQL: SELECT * FROM `tbk_scroll` WHERE `type` = 'SHOP' ORDER BY sort  [ RunTime:0.0004s ]
SQL: SELECT * FROM `tbk_scroll` WHERE `type` = 'PRODUCTION' ORDER BY sort  [ RunTime:0.0003s ]
NOTIC: [8] Undefined index: classify /Applications/XAMPP/xamppfiles/htdocs/taobaoke/Index/Home/Controller/ProductionController.class.php 第 60 行.
NOTIC: [8] Undefined index: p /Applications/XAMPP/xamppfiles/htdocs/taobaoke/Index/Home/Controller/ProductionController.class.php 第 69 行.
SQL: SHOW COLUMNS FROM `tbk_production` [ RunTime:0.0017s ]
SQL: SELECT * FROM `tbk_production` WHERE `type` = 'MANCLOTH' ORDER BY sort LIMIT 0,15   [ RunTime:0.0004s ]
SQL: SELECT COUNT(*) AS tp_count FROM `tbk_production` WHERE `type` = 'MANCLOTH' LIMIT 1   [ RunTime:0.0003s ]
SQL: SHOW COLUMNS FROM `tbk_classification` [ RunTime:0.0014s ]
SQL: SELECT * FROM `tbk_classification` WHERE `type` = 'MANCLOTH' ORDER BY sort  [ RunTime:0.0004s ]
SQL: SHOW COLUMNS FROM `tbk_webinfo` [ RunTime:0.0259s ]
SQL: SELECT * FROM `tbk_webinfo` WHERE `type` = 'BEIAN' LIMIT 1   [ RunTime:0.0004s ]
SQL: SELECT * FROM `tbk_webinfo` WHERE `type` = 'BANQUAN' LIMIT 1   [ RunTime:0.0003s ]
INFO: [ view_parse ] --START--
INFO: [ template_filter ] --START--
INFO: Run Behavior\ContentReplaceBehavior [ RunTime:0.000056s ]
INFO: [ template_filter ] --END-- [ RunTime:0.000105s ]
NOTIC: [8] Undefined variable: QQ /Applications/XAMPP/xamppfiles/htdocs/taobaoke/Cache/Runtime/Index/Cache/Home/033695aaea9a9fbecd9a1c88d5ef746c.php 第 74 行.
INFO: Run Behavior\ParseTemplateBehavior [ RunTime:0.012772s ]
INFO: [ view_parse ] --END-- [ RunTime:0.012821s ]
INFO: [ view_filter ] --START--
INFO: Run Behavior\WriteHtmlCacheBehavior [ RunTime:0.000126s ]
INFO: [ view_filter ] --END-- [ RunTime:0.000155s ]
INFO: [ app_end ] --START--
INFO: Run Behavior\ShowPageTraceBehavior [ RunTime:0.000427s ]
INFO: [ app_end ] --END-- [ RunTime:0.000477s ]

[ 2015-10-11T12:57:21+08:00 ] ::1 /taobaoke/index.php/Production/Mancloth.html
INFO: [ app_init ] --START--
INFO: Run Behavior\BuildLiteBehavior [ RunTime:0.000034s ]
INFO: [ app_init ] --END-- [ RunTime:0.000102s ]
NOTIC: [8] Use of undefined constant WEB_ROOT - assumed 'WEB_ROOT' /Applications/XAMPP/xamppfiles/htdocs/taobaoke/Index/Home/Conf/config.php 第 15 行.
NOTIC: [8] Use of undefined constant WEB_ROOT - assumed 'WEB_ROOT' /Applications/XAMPP/xamppfiles/htdocs/taobaoke/Index/Home/Conf/config.php 第 17 行.
NOTIC: [2] include(simple_html_dom.php): failed to open stream: No such file or directory /Applications/XAMPP/xamppfiles/htdocs/taobaoke/Index/Home/Common/function.php 第 2 行.
NOTIC: [2] include(): Failed opening 'simple_html_dom.php' for inclusion (include_path='.:/Applications/XAMPP/xamppfiles/lib/php') /Applications/XAMPP/xamppfiles/htdocs/taobaoke/Index/Home/Common/function.php 第 2 行.
INFO: [ app_begin ] --START--
INFO: Run Behavior\ReadHtmlCacheBehavior [ RunTime:0.000401s ]
INFO: [ app_begin ] --END-- [ RunTime:0.000454s ]
SQL: SHOW COLUMNS FROM `tbk_scroll` [ RunTime:0.0015s ]
SQL: SELECT * FROM `tbk_scroll` WHERE `type` = 'SHOP' ORDER BY sort  [ RunTime:0.0003s ]
SQL: SELECT * FROM `tbk_scroll` WHERE `type` = 'PRODUCTION' ORDER BY sort  [ RunTime:0.0002s ]
NOTIC: [8] Undefined index: classify /Applications/XAMPP/xamppfiles/htdocs/taobaoke/Index/Home/Controller/ProductionController.class.php 第 60 行.
NOTIC: [8] Undefined index: p /Applications/XAMPP/xamppfiles/htdocs/taobaoke/Index/Home/Controller/ProductionController.class.php 第 69 行.
SQL: SHOW COLUMNS FROM `tbk_production` [ RunTime:0.0015s ]
SQL: SELECT * FROM `tbk_production` WHERE `type` = 'MANCLOTH' ORDER BY sort LIMIT 0,15   [ RunTime:0.0004s ]
SQL: SELECT COUNT(*) AS tp_count FROM `tbk_production` WHERE `type` = 'MANCLOTH' LIMIT 1   [ RunTime:0.0003s ]
SQL: SHOW COLUMNS FROM `tbk_classification` [ RunTime:0.0016s ]
SQL: SELECT * FROM `tbk_classification` WHERE `type` = 'MANCLOTH' ORDER BY sort  [ RunTime:0.0004s ]
SQL: SHOW COLUMNS FROM `tbk_webinfo` [ RunTime:0.0017s ]
SQL: SELECT * FROM `tbk_webinfo` WHERE `type` = 'BEIAN' LIMIT 1   [ RunTime:0.0002s ]
SQL: SELECT * FROM `tbk_webinfo` WHERE `type` = 'BANQUAN' LIMIT 1   [ RunTime:0.0002s ]
INFO: [ view_parse ] --START--
INFO: [ template_filter ] --START--
INFO: Run Behavior\ContentReplaceBehavior [ RunTime:0.000053s ]
INFO: [ template_filter ] --END-- [ RunTime:0.000101s ]
NOTIC: [8] Undefined variable: QQ /Applications/XAMPP/xamppfiles/htdocs/taobaoke/Cache/Runtime/Index/Cache/Home/033695aaea9a9fbecd9a1c88d5ef746c.php 第 74 行.
INFO: Run Behavior\ParseTemplateBehavior [ RunTime:0.010481s ]
INFO: [ view_parse ] --END-- [ RunTime:0.010526s ]
INFO: [ view_filter ] --START--
INFO: Run Behavior\WriteHtmlCacheBehavior [ RunTime:0.000143s ]
INFO: [ view_filter ] --END-- [ RunTime:0.000172s ]
INFO: [ app_end ] --START--
INFO: Run Behavior\ShowPageTraceBehavior [ RunTime:0.000514s ]
INFO: [ app_end ] --END-- [ RunTime:0.000572s ]

[ 2015-10-11T12:58:18+08:00 ] ::1 /taobaoke/index.php/Production/Mancloth.html
INFO: [ app_init ] --START--
INFO: Run Behavior\BuildLiteBehavior [ RunTime:0.000018s ]
INFO: [ app_init ] --END-- [ RunTime:0.000092s ]
NOTIC: [8] Use of undefined constant WEB_ROOT - assumed 'WEB_ROOT' /Applications/XAMPP/xamppfiles/htdocs/taobaoke/Index/Home/Conf/config.php 第 15 行.
NOTIC: [8] Use of undefined constant WEB_ROOT - assumed 'WEB_ROOT' /Applications/XAMPP/xamppfiles/htdocs/taobaoke/Index/Home/Conf/config.php 第 17 行.
NOTIC: [2] include(simple_html_dom.php): failed to open stream: No such file or directory /Applications/XAMPP/xamppfiles/htdocs/taobaoke/Index/Home/Common/function.php 第 2 行.
NOTIC: [2] include(): Failed opening 'simple_html_dom.php' for inclusion (include_path='.:/Applications/XAMPP/xamppfiles/lib/php') /Applications/XAMPP/xamppfiles/htdocs/taobaoke/Index/Home/Common/function.php 第 2 行.
INFO: [ app_begin ] --START--
INFO: Run Behavior\ReadHtmlCacheBehavior [ RunTime:0.000651s ]
INFO: [ app_begin ] --END-- [ RunTime:0.000739s ]
SQL: SHOW COLUMNS FROM `tbk_scroll` [ RunTime:0.0013s ]
SQL: SELECT * FROM `tbk_scroll` WHERE `type` = 'SHOP' ORDER BY sort  [ RunTime:0.0004s ]
SQL: SELECT * FROM `tbk_scroll` WHERE `type` = 'PRODUCTION' ORDER BY sort  [ RunTime:0.0004s ]
NOTIC: [8] Undefined index: classify /Applications/XAMPP/xamppfiles/htdocs/taobaoke/Index/Home/Controller/ProductionController.class.php 第 60 行.
NOTIC: [8] Undefined index: p /Applications/XAMPP/xamppfiles/htdocs/taobaoke/Index/Home/Controller/ProductionController.class.php 第 69 行.
SQL: SHOW COLUMNS FROM `tbk_production` [ RunTime:0.0017s ]
SQL: SELECT * FROM `tbk_production` WHERE `type` = 'MANCLOTH' ORDER BY sort LIMIT 0,15   [ RunTime:0.0006s ]
SQL: SELECT COUNT(*) AS tp_count FROM `tbk_production` WHERE `type` = 'MANCLOTH' LIMIT 1   [ RunTime:0.0004s ]
SQL: SHOW COLUMNS FROM `tbk_classification` [ RunTime:0.0014s ]
SQL: SELECT * FROM `tbk_classification` WHERE `type` = 'MANCLOTH' ORDER BY sort  [ RunTime:0.0004s ]
SQL: SHOW COLUMNS FROM `tbk_webinfo` [ RunTime:0.0016s ]
SQL: SELECT * FROM `tbk_webinfo` WHERE `type` = 'BEIAN' LIMIT 1   [ RunTime:0.0004s ]
SQL: SELECT * FROM `tbk_webinfo` WHERE `type` = 'BANQUAN' LIMIT 1   [ RunTime:0.0003s ]
INFO: [ view_parse ] --START--
INFO: [ template_filter ] --START--
INFO: Run Behavior\ContentReplaceBehavior [ RunTime:0.000055s ]
INFO: [ template_filter ] --END-- [ RunTime:0.000105s ]
NOTIC: [8] Undefined variable: QQ /Applications/XAMPP/xamppfiles/htdocs/taobaoke/Cache/Runtime/Index/Cache/Home/033695aaea9a9fbecd9a1c88d5ef746c.php 第 74 行.
INFO: Run Behavior\ParseTemplateBehavior [ RunTime:0.015311s ]
INFO: [ view_parse ] --END-- [ RunTime:0.015364s ]
INFO: [ view_filter ] --START--
INFO: Run Behavior\WriteHtmlCacheBehavior [ RunTime:0.000154s ]
INFO: [ view_filter ] --END-- [ RunTime:0.000184s ]
INFO: [ app_end ] --START--
INFO: Run Behavior\ShowPageTraceBehavior [ RunTime:0.000522s ]
INFO: [ app_end ] --END-- [ RunTime:0.000590s ]

[ 2015-10-11T12:58:19+08:00 ] ::1 /taobaoke/index.php/Shop/Mancloth.html
INFO: [ app_init ] --START--
INFO: Run Behavior\BuildLiteBehavior [ RunTime:0.000014s ]
INFO: [ app_init ] --END-- [ RunTime:0.000063s ]
NOTIC: [8] Use of undefined constant WEB_ROOT - assumed 'WEB_ROOT' /Applications/XAMPP/xamppfiles/htdocs/taobaoke/Index/Home/Conf/config.php 第 15 行.
NOTIC: [8] Use of undefined constant WEB_ROOT - assumed 'WEB_ROOT' /Applications/XAMPP/xamppfiles/htdocs/taobaoke/Index/Home/Conf/config.php 第 17 行.
NOTIC: [2] include(simple_html_dom.php): failed to open stream: No such file or directory /Applications/XAMPP/xamppfiles/htdocs/taobaoke/Index/Home/Common/function.php 第 2 行.
NOTIC: [2] include(): Failed opening 'simple_html_dom.php' for inclusion (include_path='.:/Applications/XAMPP/xamppfiles/lib/php') /Applications/XAMPP/xamppfiles/htdocs/taobaoke/Index/Home/Common/function.php 第 2 行.
INFO: [ app_begin ] --START--
INFO: Run Behavior\ReadHtmlCacheBehavior [ RunTime:0.000405s ]
INFO: [ app_begin ] --END-- [ RunTime:0.000451s ]
SQL: SHOW COLUMNS FROM `tbk_scroll` [ RunTime:0.0016s ]
SQL: SELECT * FROM `tbk_scroll` WHERE `type` = 'SHOP' ORDER BY sort  [ RunTime:0.0005s ]
SQL: SELECT * FROM `tbk_scroll` WHERE `type` = 'PRODUCTION' ORDER BY sort  [ RunTime:0.0003s ]
NOTIC: [8] Undefined index: p /Applications/XAMPP/xamppfiles/htdocs/taobaoke/Index/Home/Controller/ShopController.class.php 第 59 行.
SQL: SHOW COLUMNS FROM `tbk_shop` [ RunTime:0.0337s ]
SQL: SELECT * FROM `tbk_shop` WHERE `type` = 'MANCLOTH' ORDER BY sort LIMIT 0,15   [ RunTime:0.0005s ]
SQL: SELECT COUNT(*) AS tp_count FROM `tbk_shop` WHERE `type` = 'MANCLOTH' LIMIT 1   [ RunTime:0.0003s ]
SQL: SHOW COLUMNS FROM `tbk_webinfo` [ RunTime:0.0016s ]
SQL: SELECT * FROM `tbk_webinfo` WHERE `type` = 'BEIAN' LIMIT 1   [ RunTime:0.0004s ]
SQL: SELECT * FROM `tbk_webinfo` WHERE `type` = 'BANQUAN' LIMIT 1   [ RunTime:0.0004s ]
INFO: [ view_parse ] --START--
INFO: [ template_filter ] --START--
INFO: Run Behavior\ContentReplaceBehavior [ RunTime:0.000051s ]
INFO: [ template_filter ] --END-- [ RunTime:0.000097s ]
NOTIC: [8] Undefined variable: QQ /Applications/XAMPP/xamppfiles/htdocs/taobaoke/Cache/Runtime/Index/Cache/Home/ff8bdb9b468fb94035000037c7f35fe3.php 第 74 行.
NOTIC: [8] Undefined variable: key /Applications/XAMPP/xamppfiles/htdocs/taobaoke/Cache/Runtime/Index/Cache/Home/ff8bdb9b468fb94035000037c7f35fe3.php 第 168 行.
NOTIC: [8] Undefined variable: key /Applications/XAMPP/xamppfiles/htdocs/taobaoke/Cache/Runtime/Index/Cache/Home/ff8bdb9b468fb94035000037c7f35fe3.php 第 168 行.
INFO: Run Behavior\ParseTemplateBehavior [ RunTime:0.017288s ]
INFO: [ view_parse ] --END-- [ RunTime:0.017334s ]
INFO: [ view_filter ] --START--
INFO: Run Behavior\WriteHtmlCacheBehavior [ RunTime:0.000149s ]
INFO: [ view_filter ] --END-- [ RunTime:0.000188s ]
INFO: [ app_end ] --START--
INFO: Run Behavior\ShowPageTraceBehavior [ RunTime:0.000403s ]
INFO: [ app_end ] --END-- [ RunTime:0.000444s ]

[ 2015-10-11T12:58:20+08:00 ] ::1 /taobaoke/index.php/Production/Mancloth.html
INFO: [ app_init ] --START--
INFO: Run Behavior\BuildLiteBehavior [ RunTime:0.000012s ]
INFO: [ app_init ] --END-- [ RunTime:0.000055s ]
NOTIC: [8] Use of undefined constant WEB_ROOT - assumed 'WEB_ROOT' /Applications/XAMPP/xamppfiles/htdocs/taobaoke/Index/Home/Conf/config.php 第 15 行.
NOTIC: [8] Use of undefined constant WEB_ROOT - assumed 'WEB_ROOT' /Applications/XAMPP/xamppfiles/htdocs/taobaoke/Index/Home/Conf/config.php 第 17 行.
NOTIC: [2] include(simple_html_dom.php): failed to open stream: No such file or directory /Applications/XAMPP/xamppfiles/htdocs/taobaoke/Index/Home/Common/function.php 第 2 行.
NOTIC: [2] include(): Failed opening 'simple_html_dom.php' for inclusion (include_path='.:/Applications/XAMPP/xamppfiles/lib/php') /Applications/XAMPP/xamppfiles/htdocs/taobaoke/Index/Home/Common/function.php 第 2 行.
INFO: [ app_begin ] --START--
INFO: Run Behavior\ReadHtmlCacheBehavior [ RunTime:0.000326s ]
INFO: [ app_begin ] --END-- [ RunTime:0.000362s ]
SQL: SHOW COLUMNS FROM `tbk_scroll` [ RunTime:0.0079s ]
SQL: SELECT * FROM `tbk_scroll` WHERE `type` = 'SHOP' ORDER BY sort  [ RunTime:0.0005s ]
SQL: SELECT * FROM `tbk_scroll` WHERE `type` = 'PRODUCTION' ORDER BY sort  [ RunTime:0.0002s ]
NOTIC: [8] Undefined index: classify /Applications/XAMPP/xamppfiles/htdocs/taobaoke/Index/Home/Controller/ProductionController.class.php 第 60 行.
NOTIC: [8] Undefined index: p /Applications/XAMPP/xamppfiles/htdocs/taobaoke/Index/Home/Controller/ProductionController.class.php 第 69 行.
SQL: SHOW COLUMNS FROM `tbk_production` [ RunTime:0.0027s ]
SQL: SELECT * FROM `tbk_production` WHERE `type` = 'MANCLOTH' ORDER BY sort LIMIT 0,15   [ RunTime:0.0004s ]
SQL: SELECT COUNT(*) AS tp_count FROM `tbk_production` WHERE `type` = 'MANCLOTH' LIMIT 1   [ RunTime:0.0002s ]
SQL: SHOW COLUMNS FROM `tbk_classification` [ RunTime:0.0013s ]
SQL: SELECT * FROM `tbk_classification` WHERE `type` = 'MANCLOTH' ORDER BY sort  [ RunTime:0.0004s ]
SQL: SHOW COLUMNS FROM `tbk_webinfo` [ RunTime:0.0012s ]
SQL: SELECT * FROM `tbk_webinfo` WHERE `type` = 'BEIAN' LIMIT 1   [ RunTime:0.0003s ]
SQL: SELECT * FROM `tbk_webinfo` WHERE `type` = 'BANQUAN' LIMIT 1   [ RunTime:0.0003s ]
INFO: [ view_parse ] --START--
INFO: [ template_filter ] --START--
INFO: Run Behavior\ContentReplaceBehavior [ RunTime:0.000052s ]
INFO: [ template_filter ] --END-- [ RunTime:0.000099s ]
NOTIC: [8] Undefined variable: QQ /Applications/XAMPP/xamppfiles/htdocs/taobaoke/Cache/Runtime/Index/Cache/Home/033695aaea9a9fbecd9a1c88d5ef746c.php 第 74 行.
INFO: Run Behavior\ParseTemplateBehavior [ RunTime:0.012832s ]
INFO: [ view_parse ] --END-- [ RunTime:0.012865s ]
INFO: [ view_filter ] --START--
INFO: Run Behavior\WriteHtmlCacheBehavior [ RunTime:0.000114s ]
INFO: [ view_filter ] --END-- [ RunTime:0.000140s ]
INFO: [ app_end ] --START--
INFO: Run Behavior\ShowPageTraceBehavior [ RunTime:0.000404s ]
INFO: [ app_end ] --END-- [ RunTime:0.000454s ]

[ 2015-10-11T12:58:24+08:00 ] ::1 /taobaoke/index.php/Production/Shoe.html
INFO: [ app_init ] --START--
INFO: Run Behavior\BuildLiteBehavior [ RunTime:0.000011s ]
INFO: [ app_init ] --END-- [ RunTime:0.000053s ]
NOTIC: [8] Use of undefined constant WEB_ROOT - assumed 'WEB_ROOT' /Applications/XAMPP/xamppfiles/htdocs/taobaoke/Index/Home/Conf/config.php 第 15 行.
NOTIC: [8] Use of undefined constant WEB_ROOT - assumed 'WEB_ROOT' /Applications/XAMPP/xamppfiles/htdocs/taobaoke/Index/Home/Conf/config.php 第 17 行.
NOTIC: [2] include(simple_html_dom.php): failed to open stream: No such file or directory /Applications/XAMPP/xamppfiles/htdocs/taobaoke/Index/Home/Common/function.php 第 2 行.
NOTIC: [2] include(): Failed opening 'simple_html_dom.php' for inclusion (include_path='.:/Applications/XAMPP/xamppfiles/lib/php') /Applications/XAMPP/xamppfiles/htdocs/taobaoke/Index/Home/Common/function.php 第 2 行.
INFO: [ app_begin ] --START--
INFO: Run Behavior\ReadHtmlCacheBehavior [ RunTime:0.000334s ]
INFO: [ app_begin ] --END-- [ RunTime:0.000370s ]
SQL: SHOW COLUMNS FROM `tbk_scroll` [ RunTime:0.0427s ]
SQL: SELECT * FROM `tbk_scroll` WHERE `type` = 'SHOP' ORDER BY sort  [ RunTime:0.0004s ]
SQL: SELECT * FROM `tbk_scroll` WHERE `type` = 'PRODUCTION' ORDER BY sort  [ RunTime:0.0003s ]
NOTIC: [8] Undefined index: classify /Applications/XAMPP/xamppfiles/htdocs/taobaoke/Index/Home/Controller/ProductionController.class.php 第 60 行.
NOTIC: [8] Undefined index: p /Applications/XAMPP/xamppfiles/htdocs/taobaoke/Index/Home/Controller/ProductionController.class.php 第 69 行.
SQL: SHOW COLUMNS FROM `tbk_production` [ RunTime:0.0013s ]
SQL: SELECT * FROM `tbk_production` WHERE `type` = 'SHOE' ORDER BY sort LIMIT 0,15   [ RunTime:0.0005s ]
SQL: SELECT COUNT(*) AS tp_count FROM `tbk_production` WHERE `type` = 'SHOE' LIMIT 1   [ RunTime:0.0003s ]
SQL: SHOW COLUMNS FROM `tbk_classification` [ RunTime:0.0015s ]
SQL: SELECT * FROM `tbk_classification` WHERE `type` = 'SHOE' ORDER BY sort  [ RunTime:0.0005s ]
SQL: SHOW COLUMNS FROM `tbk_webinfo` [ RunTime:0.0015s ]
SQL: SELECT * FROM `tbk_webinfo` WHERE `type` = 'BEIAN' LIMIT 1   [ RunTime:0.0007s ]
SQL: SELECT * FROM `tbk_webinfo` WHERE `type` = 'BANQUAN' LIMIT 1   [ RunTime:0.0004s ]
INFO: [ view_parse ] --START--
INFO: [ template_filter ] --START--
INFO: Run Behavior\ContentReplaceBehavior [ RunTime:0.000054s ]
INFO: [ template_filter ] --END-- [ RunTime:0.000107s ]
NOTIC: [8] Undefined variable: QQ /Applications/XAMPP/xamppfiles/htdocs/taobaoke/Cache/Runtime/Index/Cache/Home/0859d375098b8af347dbc2ad152470ae.php 第 74 行.
INFO: Run Behavior\ParseTemplateBehavior [ RunTime:0.034573s ]
INFO: [ view_parse ] --END-- [ RunTime:0.034635s ]
INFO: [ view_filter ] --START--
INFO: Run Behavior\WriteHtmlCacheBehavior [ RunTime:0.000147s ]
INFO: [ view_filter ] --END-- [ RunTime:0.000182s ]
INFO: [ app_end ] --START--
INFO: Run Behavior\ShowPageTraceBehavior [ RunTime:0.000464s ]
INFO: [ app_end ] --END-- [ RunTime:0.000521s ]

[ 2015-10-11T12:58:25+08:00 ] ::1 /taobaoke/index.php/Production/Womancloth.html
INFO: [ app_init ] --START--
INFO: Run Behavior\BuildLiteBehavior [ RunTime:0.000016s ]
INFO: [ app_init ] --END-- [ RunTime:0.000081s ]
NOTIC: [8] Use of undefined constant WEB_ROOT - assumed 'WEB_ROOT' /Applications/XAMPP/xamppfiles/htdocs/taobaoke/Index/Home/Conf/config.php 第 15 行.
NOTIC: [8] Use of undefined constant WEB_ROOT - assumed 'WEB_ROOT' /Applications/XAMPP/xamppfiles/htdocs/taobaoke/Index/Home/Conf/config.php 第 17 行.
NOTIC: [2] include(simple_html_dom.php): failed to open stream: No such file or directory /Applications/XAMPP/xamppfiles/htdocs/taobaoke/Index/Home/Common/function.php 第 2 行.
NOTIC: [2] include(): Failed opening 'simple_html_dom.php' for inclusion (include_path='.:/Applications/XAMPP/xamppfiles/lib/php') /Applications/XAMPP/xamppfiles/htdocs/taobaoke/Index/Home/Common/function.php 第 2 行.
INFO: [ app_begin ] --START--
INFO: Run Behavior\ReadHtmlCacheBehavior [ RunTime:0.000564s ]
INFO: [ app_begin ] --END-- [ RunTime:0.000632s ]
SQL: SHOW COLUMNS FROM `tbk_scroll` [ RunTime:0.0412s ]
SQL: SELECT * FROM `tbk_scroll` WHERE `type` = 'SHOP' ORDER BY sort  [ RunTime:0.0005s ]
SQL: SELECT * FROM `tbk_scroll` WHERE `type` = 'PRODUCTION' ORDER BY sort  [ RunTime:0.0004s ]
NOTIC: [8] Undefined index: classify /Applications/XAMPP/xamppfiles/htdocs/taobaoke/Index/Home/Controller/ProductionController.class.php 第 60 行.
NOTIC: [8] Undefined index: p /Applications/XAMPP/xamppfiles/htdocs/taobaoke/Index/Home/Controller/ProductionController.class.php 第 69 行.
SQL: SHOW COLUMNS FROM `tbk_production` [ RunTime:0.0015s ]
SQL: SELECT * FROM `tbk_production` WHERE `type` = 'WOMANCLOTH' ORDER BY sort LIMIT 0,15   [ RunTime:0.0005s ]
SQL: SELECT COUNT(*) AS tp_count FROM `tbk_production` WHERE `type` = 'WOMANCLOTH' LIMIT 1   [ RunTime:0.0002s ]
SQL: SHOW COLUMNS FROM `tbk_classification` [ RunTime:0.0012s ]
SQL: SELECT * FROM `tbk_classification` WHERE `type` = 'WOMANCLOTH' ORDER BY sort  [ RunTime:0.0003s ]
SQL: SHOW COLUMNS FROM `tbk_webinfo` [ RunTime:0.0015s ]
SQL: SELECT * FROM `tbk_webinfo` WHERE `type` = 'BEIAN' LIMIT 1   [ RunTime:0.0003s ]
SQL: SELECT * FROM `tbk_webinfo` WHERE `type` = 'BANQUAN' LIMIT 1   [ RunTime:0.0003s ]
INFO: [ view_parse ] --START--
INFO: [ template_filter ] --START--
INFO: Run Behavior\ContentReplaceBehavior [ RunTime:0.000066s ]
INFO: [ template_filter ] --END-- [ RunTime:0.000128s ]
NOTIC: [8] Undefined variable: QQ /Applications/XAMPP/xamppfiles/htdocs/taobaoke/Cache/Runtime/Index/Cache/Home/ce088cb4cac7d82e1b77746e67f9bd55.php 第 74 行.
INFO: Run Behavior\ParseTemplateBehavior [ RunTime:0.061399s ]
INFO: [ view_parse ] --END-- [ RunTime:0.061455s ]
INFO: [ view_filter ] --START--
INFO: Run Behavior\WriteHtmlCacheBehavior [ RunTime:0.000146s ]
INFO: [ view_filter ] --END-- [ RunTime:0.000182s ]
INFO: [ app_end ] --START--
INFO: Run Behavior\ShowPageTraceBehavior [ RunTime:0.000469s ]
INFO: [ app_end ] --END-- [ RunTime:0.000527s ]

[ 2015-10-11T12:58:26+08:00 ] ::1 /taobaoke/index.php/Production/Mancloth.html
INFO: [ app_init ] --START--
INFO: Run Behavior\BuildLiteBehavior [ RunTime:0.000010s ]
INFO: [ app_init ] --END-- [ RunTime:0.000048s ]
NOTIC: [8] Use of undefined constant WEB_ROOT - assumed 'WEB_ROOT' /Applications/XAMPP/xamppfiles/htdocs/taobaoke/Index/Home/Conf/config.php 第 15 行.
NOTIC: [8] Use of undefined constant WEB_ROOT - assumed 'WEB_ROOT' /Applications/XAMPP/xamppfiles/htdocs/taobaoke/Index/Home/Conf/config.php 第 17 行.
NOTIC: [2] include(simple_html_dom.php): failed to open stream: No such file or directory /Applications/XAMPP/xamppfiles/htdocs/taobaoke/Index/Home/Common/function.php 第 2 行.
NOTIC: [2] include(): Failed opening 'simple_html_dom.php' for inclusion (include_path='.:/Applications/XAMPP/xamppfiles/lib/php') /Applications/XAMPP/xamppfiles/htdocs/taobaoke/Index/Home/Common/function.php 第 2 行.
INFO: [ app_begin ] --START--
INFO: Run Behavior\ReadHtmlCacheBehavior [ RunTime:0.000272s ]
INFO: [ app_begin ] --END-- [ RunTime:0.000301s ]
SQL: SHOW COLUMNS FROM `tbk_scroll` [ RunTime:0.0014s ]
SQL: SELECT * FROM `tbk_scroll` WHERE `type` = 'SHOP' ORDER BY sort  [ RunTime:0.0004s ]
SQL: SELECT * FROM `tbk_scroll` WHERE `type` = 'PRODUCTION' ORDER BY sort  [ RunTime:0.0002s ]
NOTIC: [8] Undefined index: classify /Applications/XAMPP/xamppfiles/htdocs/taobaoke/Index/Home/Controller/ProductionController.class.php 第 60 行.
NOTIC: [8] Undefined index: p /Applications/XAMPP/xamppfiles/htdocs/taobaoke/Index/Home/Controller/ProductionController.class.php 第 69 行.
SQL: SHOW COLUMNS FROM `tbk_production` [ RunTime:0.0013s ]
SQL: SELECT * FROM `tbk_production` WHERE `type` = 'MANCLOTH' ORDER BY sort LIMIT 0,15   [ RunTime:0.0003s ]
SQL: SELECT COUNT(*) AS tp_count FROM `tbk_production` WHERE `type` = 'MANCLOTH' LIMIT 1   [ RunTime:0.0002s ]
SQL: SHOW COLUMNS FROM `tbk_classification` [ RunTime:0.0027s ]
SQL: SELECT * FROM `tbk_classification` WHERE `type` = 'MANCLOTH' ORDER BY sort  [ RunTime:0.0003s ]
SQL: SHOW COLUMNS FROM `tbk_webinfo` [ RunTime:0.0012s ]
SQL: SELECT * FROM `tbk_webinfo` WHERE `type` = 'BEIAN' LIMIT 1   [ RunTime:0.0002s ]
SQL: SELECT * FROM `tbk_webinfo` WHERE `type` = 'BANQUAN' LIMIT 1   [ RunTime:0.0002s ]
INFO: [ view_parse ] --START--
INFO: [ template_filter ] --START--
INFO: Run Behavior\ContentReplaceBehavior [ RunTime:0.000052s ]
INFO: [ template_filter ] --END-- [ RunTime:0.000101s ]
NOTIC: [8] Undefined variable: QQ /Applications/XAMPP/xamppfiles/htdocs/taobaoke/Cache/Runtime/Index/Cache/Home/033695aaea9a9fbecd9a1c88d5ef746c.php 第 74 行.
INFO: Run Behavior\ParseTemplateBehavior [ RunTime:0.012227s ]
INFO: [ view_parse ] --END-- [ RunTime:0.012265s ]
INFO: [ view_filter ] --START--
INFO: Run Behavior\WriteHtmlCacheBehavior [ RunTime:0.000117s ]
INFO: [ view_filter ] --END-- [ RunTime:0.000142s ]
INFO: [ app_end ] --START--
INFO: Run Behavior\ShowPageTraceBehavior [ RunTime:0.000405s ]
INFO: [ app_end ] --END-- [ RunTime:0.000453s ]

[ 2015-10-11T12:58:26+08:00 ] ::1 /taobaoke/index.php/Index/index.html
INFO: [ app_init ] --START--
INFO: Run Behavior\BuildLiteBehavior [ RunTime:0.000011s ]
INFO: [ app_init ] --END-- [ RunTime:0.000050s ]
NOTIC: [8] Use of undefined constant WEB_ROOT - assumed 'WEB_ROOT' /Applications/XAMPP/xamppfiles/htdocs/taobaoke/Index/Home/Conf/config.php 第 15 行.
NOTIC: [8] Use of undefined constant WEB_ROOT - assumed 'WEB_ROOT' /Applications/XAMPP/xamppfiles/htdocs/taobaoke/Index/Home/Conf/config.php 第 17 行.
NOTIC: [2] include(simple_html_dom.php): failed to open stream: No such file or directory /Applications/XAMPP/xamppfiles/htdocs/taobaoke/Index/Home/Common/function.php 第 2 行.
NOTIC: [2] include(): Failed opening 'simple_html_dom.php' for inclusion (include_path='.:/Applications/XAMPP/xamppfiles/lib/php') /Applications/XAMPP/xamppfiles/htdocs/taobaoke/Index/Home/Common/function.php 第 2 行.
INFO: [ app_begin ] --START--
INFO: Run Behavior\ReadHtmlCacheBehavior [ RunTime:0.000301s ]
INFO: [ app_begin ] --END-- [ RunTime:0.000333s ]
SQL: SHOW COLUMNS FROM `tbk_scroll` [ RunTime:0.0016s ]
SQL: SELECT * FROM `tbk_scroll` WHERE `type` = 'SHOP' ORDER BY sort  [ RunTime:0.0004s ]
SQL: SELECT * FROM `tbk_scroll` WHERE `type` = 'INDEX' ORDER BY sort  [ RunTime:0.0003s ]
SQL: SHOW COLUMNS FROM `tbk_picture` [ RunTime:0.0012s ]
SQL: SELECT * FROM `tbk_picture` WHERE `type` = 'MANCLOTH' LIMIT 1   [ RunTime:0.0002s ]
SQL: SELECT * FROM `tbk_picture` WHERE `type` = 'WOMANCLOTH' LIMIT 1   [ RunTime:0.0002s ]
SQL: SELECT * FROM `tbk_picture` WHERE `type` = 'SHOE' LIMIT 1   [ RunTime:0.0002s ]
SQL: SHOW COLUMNS FROM `tbk_webinfo` [ RunTime:0.0011s ]
SQL: SELECT * FROM `tbk_webinfo` WHERE `type` = 'QQ' LIMIT 1   [ RunTime:0.0004s ]
INFO: [ view_parse ] --START--
INFO: [ template_filter ] --START--
INFO: Run Behavior\ContentReplaceBehavior [ RunTime:0.000050s ]
INFO: [ template_filter ] --END-- [ RunTime:0.000111s ]
NOTIC: [8] Undefined variable: key /Applications/XAMPP/xamppfiles/htdocs/taobaoke/Cache/Runtime/Index/Cache/Home/f8cf203eb98c60ed9cec339b90173a5c.php 第 97 行.
NOTIC: [8] Undefined variable: key /Applications/XAMPP/xamppfiles/htdocs/taobaoke/Cache/Runtime/Index/Cache/Home/f8cf203eb98c60ed9cec339b90173a5c.php 第 97 行.
NOTIC: [8] Undefined variable: key /Applications/XAMPP/xamppfiles/htdocs/taobaoke/Cache/Runtime/Index/Cache/Home/f8cf203eb98c60ed9cec339b90173a5c.php 第 104 行.
INFO: Run Behavior\ParseTemplateBehavior [ RunTime:0.025380s ]
INFO: [ view_parse ] --END-- [ RunTime:0.025428s ]
INFO: [ view_filter ] --START--
INFO: Run Behavior\WriteHtmlCacheBehavior [ RunTime:0.000151s ]
INFO: [ view_filter ] --END-- [ RunTime:0.000184s ]
INFO: [ app_end ] --START--
INFO: Run Behavior\ShowPageTraceBehavior [ RunTime:0.000410s ]
INFO: [ app_end ] --END-- [ RunTime:0.000446s ]

[ 2015-10-11T12:58:37+08:00 ] ::1 /taobaoke/index.php/Index/index.html
INFO: [ app_init ] --START--
INFO: Run Behavior\BuildLiteBehavior [ RunTime:0.000011s ]
INFO: [ app_init ] --END-- [ RunTime:0.000049s ]
NOTIC: [8] Use of undefined constant WEB_ROOT - assumed 'WEB_ROOT' /Applications/XAMPP/xamppfiles/htdocs/taobaoke/Index/Home/Conf/config.php 第 15 行.
NOTIC: [8] Use of undefined constant WEB_ROOT - assumed 'WEB_ROOT' /Applications/XAMPP/xamppfiles/htdocs/taobaoke/Index/Home/Conf/config.php 第 17 行.
NOTIC: [2] include(simple_html_dom.php): failed to open stream: No such file or directory /Applications/XAMPP/xamppfiles/htdocs/taobaoke/Index/Home/Common/function.php 第 2 行.
NOTIC: [2] include(): Failed opening 'simple_html_dom.php' for inclusion (include_path='.:/Applications/XAMPP/xamppfiles/lib/php') /Applications/XAMPP/xamppfiles/htdocs/taobaoke/Index/Home/Common/function.php 第 2 行.
INFO: [ app_begin ] --START--
INFO: Run Behavior\ReadHtmlCacheBehavior [ RunTime:0.000277s ]
INFO: [ app_begin ] --END-- [ RunTime:0.000307s ]
SQL: SHOW COLUMNS FROM `tbk_scroll` [ RunTime:0.0018s ]
SQL: SELECT * FROM `tbk_scroll` WHERE `type` = 'SHOP' ORDER BY sort  [ RunTime:0.0004s ]
SQL: SELECT * FROM `tbk_scroll` WHERE `type` = 'INDEX' ORDER BY sort  [ RunTime:0.0002s ]
SQL: SHOW COLUMNS FROM `tbk_picture` [ RunTime:0.0014s ]
SQL: SELECT * FROM `tbk_picture` WHERE `type` = 'MANCLOTH' LIMIT 1   [ RunTime:0.0002s ]
SQL: SELECT * FROM `tbk_picture` WHERE `type` = 'WOMANCLOTH' LIMIT 1   [ RunTime:0.0002s ]
SQL: SELECT * FROM `tbk_picture` WHERE `type` = 'SHOE' LIMIT 1   [ RunTime:0.0002s ]
SQL: SHOW COLUMNS FROM `tbk_webinfo` [ RunTime:0.0014s ]
SQL: SELECT * FROM `tbk_webinfo` WHERE `type` = 'QQ' LIMIT 1   [ RunTime:0.0004s ]
INFO: [ view_parse ] --START--
INFO: [ template_filter ] --START--
INFO: Run Behavior\ContentReplaceBehavior [ RunTime:0.000034s ]
INFO: [ template_filter ] --END-- [ RunTime:0.000074s ]
NOTIC: [8] Undefined variable: key /Applications/XAMPP/xamppfiles/htdocs/taobaoke/Cache/Runtime/Index/Cache/Home/f8cf203eb98c60ed9cec339b90173a5c.php 第 97 行.
NOTIC: [8] Undefined variable: key /Applications/XAMPP/xamppfiles/htdocs/taobaoke/Cache/Runtime/Index/Cache/Home/f8cf203eb98c60ed9cec339b90173a5c.php 第 97 行.
NOTIC: [8] Undefined variable: key /Applications/XAMPP/xamppfiles/htdocs/taobaoke/Cache/Runtime/Index/Cache/Home/f8cf203eb98c60ed9cec339b90173a5c.php 第 104 行.
INFO: Run Behavior\ParseTemplateBehavior [ RunTime:0.007061s ]
INFO: [ view_parse ] --END-- [ RunTime:0.007122s ]
INFO: [ view_filter ] --START--
INFO: Run Behavior\WriteHtmlCacheBehavior [ RunTime:0.000205s ]
INFO: [ view_filter ] --END-- [ RunTime:0.000256s ]
INFO: [ app_end ] --START--
INFO: Run Behavior\ShowPageTraceBehavior [ RunTime:0.000564s ]
INFO: [ app_end ] --END-- [ RunTime:0.000628s ]

[ 2015-10-11T12:59:23+08:00 ] ::1 /taobaoke/
INFO: [ app_init ] --START--
INFO: Run Behavior\BuildLiteBehavior [ RunTime:0.000013s ]
INFO: [ app_init ] --END-- [ RunTime:0.000054s ]
NOTIC: [8] Use of undefined constant WEB_ROOT - assumed 'WEB_ROOT' /Applications/XAMPP/xamppfiles/htdocs/taobaoke/Index/Home/Conf/config.php 第 15 行.
NOTIC: [8] Use of undefined constant WEB_ROOT - assumed 'WEB_ROOT' /Applications/XAMPP/xamppfiles/htdocs/taobaoke/Index/Home/Conf/config.php 第 17 行.
NOTIC: [2] include(simple_html_dom.php): failed to open stream: No such file or directory /Applications/XAMPP/xamppfiles/htdocs/taobaoke/Index/Home/Common/function.php 第 2 行.
NOTIC: [2] include(): Failed opening 'simple_html_dom.php' for inclusion (include_path='.:/Applications/XAMPP/xamppfiles/lib/php') /Applications/XAMPP/xamppfiles/htdocs/taobaoke/Index/Home/Common/function.php 第 2 行.
INFO: [ app_begin ] --START--
INFO: Run Behavior\ReadHtmlCacheBehavior [ RunTime:0.000383s ]
INFO: [ app_begin ] --END-- [ RunTime:0.000425s ]
SQL: SHOW COLUMNS FROM `tbk_scroll` [ RunTime:0.0016s ]
SQL: SELECT * FROM `tbk_scroll` WHERE `type` = 'SHOP' ORDER BY sort  [ RunTime:0.0003s ]
SQL: SELECT * FROM `tbk_scroll` WHERE `type` = 'INDEX' ORDER BY sort  [ RunTime:0.0003s ]
SQL: SHOW COLUMNS FROM `tbk_picture` [ RunTime:0.0012s ]
SQL: SELECT * FROM `tbk_picture` WHERE `type` = 'MANCLOTH' LIMIT 1   [ RunTime:0.0003s ]
SQL: SELECT * FROM `tbk_picture` WHERE `type` = 'WOMANCLOTH' LIMIT 1   [ RunTime:0.0003s ]
SQL: SELECT * FROM `tbk_picture` WHERE `type` = 'SHOE' LIMIT 1   [ RunTime:0.0002s ]
SQL: SHOW COLUMNS FROM `tbk_webinfo` [ RunTime:0.0014s ]
SQL: SELECT * FROM `tbk_webinfo` WHERE `type` = 'QQ' LIMIT 1   [ RunTime:0.0004s ]
INFO: [ view_parse ] --START--
INFO: [ template_filter ] --START--
INFO: Run Behavior\ContentReplaceBehavior [ RunTime:0.000047s ]
INFO: [ template_filter ] --END-- [ RunTime:0.000107s ]
NOTIC: [8] Undefined variable: key /Applications/XAMPP/xamppfiles/htdocs/taobaoke/Cache/Runtime/Index/Cache/Home/f8cf203eb98c60ed9cec339b90173a5c.php 第 97 行.
NOTIC: [8] Undefined variable: key /Applications/XAMPP/xamppfiles/htdocs/taobaoke/Cache/Runtime/Index/Cache/Home/f8cf203eb98c60ed9cec339b90173a5c.php 第 97 行.
NOTIC: [8] Undefined variable: key /Applications/XAMPP/xamppfiles/htdocs/taobaoke/Cache/Runtime/Index/Cache/Home/f8cf203eb98c60ed9cec339b90173a5c.php 第 104 行.
INFO: Run Behavior\ParseTemplateBehavior [ RunTime:0.024504s ]
INFO: [ view_parse ] --END-- [ RunTime:0.024552s ]
INFO: [ view_filter ] --START--
INFO: Run Behavior\WriteHtmlCacheBehavior [ RunTime:0.000166s ]
INFO: [ view_filter ] --END-- [ RunTime:0.000200s ]
INFO: [ app_end ] --START--
INFO: Run Behavior\ShowPageTraceBehavior [ RunTime:0.000419s ]
INFO: [ app_end ] --END-- [ RunTime:0.000466s ]

[ 2015-10-11T12:59:28+08:00 ] ::1 /taobaoke/index.php/Production/Mancloth.html
INFO: [ app_init ] --START--
INFO: Run Behavior\BuildLiteBehavior [ RunTime:0.000013s ]
INFO: [ app_init ] --END-- [ RunTime:0.000059s ]
NOTIC: [8] Use of undefined constant WEB_ROOT - assumed 'WEB_ROOT' /Applications/XAMPP/xamppfiles/htdocs/taobaoke/Index/Home/Conf/config.php 第 15 行.
NOTIC: [8] Use of undefined constant WEB_ROOT - assumed 'WEB_ROOT' /Applications/XAMPP/xamppfiles/htdocs/taobaoke/Index/Home/Conf/config.php 第 17 行.
NOTIC: [2] include(simple_html_dom.php): failed to open stream: No such file or directory /Applications/XAMPP/xamppfiles/htdocs/taobaoke/Index/Home/Common/function.php 第 2 行.
NOTIC: [2] include(): Failed opening 'simple_html_dom.php' for inclusion (include_path='.:/Applications/XAMPP/xamppfiles/lib/php') /Applications/XAMPP/xamppfiles/htdocs/taobaoke/Index/Home/Common/function.php 第 2 行.
INFO: [ app_begin ] --START--
INFO: Run Behavior\ReadHtmlCacheBehavior [ RunTime:0.000377s ]
INFO: [ app_begin ] --END-- [ RunTime:0.000426s ]
SQL: SHOW COLUMNS FROM `tbk_scroll` [ RunTime:0.0014s ]
SQL: SELECT * FROM `tbk_scroll` WHERE `type` = 'SHOP' ORDER BY sort  [ RunTime:0.0004s ]
SQL: SELECT * FROM `tbk_scroll` WHERE `type` = 'PRODUCTION' ORDER BY sort  [ RunTime:0.0003s ]
NOTIC: [8] Undefined index: classify /Applications/XAMPP/xamppfiles/htdocs/taobaoke/Index/Home/Controller/ProductionController.class.php 第 60 行.
NOTIC: [8] Undefined index: p /Applications/XAMPP/xamppfiles/htdocs/taobaoke/Index/Home/Controller/ProductionController.class.php 第 69 行.
SQL: SHOW COLUMNS FROM `tbk_production` [ RunTime:0.0013s ]
SQL: SELECT * FROM `tbk_production` WHERE `type` = 'MANCLOTH' ORDER BY sort LIMIT 0,15   [ RunTime:0.0004s ]
SQL: SELECT COUNT(*) AS tp_count FROM `tbk_production` WHERE `type` = 'MANCLOTH' LIMIT 1   [ RunTime:0.0002s ]
SQL: SHOW COLUMNS FROM `tbk_classification` [ RunTime:0.0013s ]
SQL: SELECT * FROM `tbk_classification` WHERE `type` = 'MANCLOTH' ORDER BY sort  [ RunTime:0.0008s ]
SQL: SHOW COLUMNS FROM `tbk_webinfo` [ RunTime:0.0018s ]
SQL: SELECT * FROM `tbk_webinfo` WHERE `type` = 'BEIAN' LIMIT 1   [ RunTime:0.0006s ]
SQL: SELECT * FROM `tbk_webinfo` WHERE `type` = 'BANQUAN' LIMIT 1   [ RunTime:0.0004s ]
INFO: [ view_parse ] --START--
INFO: [ template_filter ] --START--
INFO: Run Behavior\ContentReplaceBehavior [ RunTime:0.000073s ]
INFO: [ template_filter ] --END-- [ RunTime:0.000143s ]
NOTIC: [8] Undefined variable: QQ /Applications/XAMPP/xamppfiles/htdocs/taobaoke/Cache/Runtime/Index/Cache/Home/033695aaea9a9fbecd9a1c88d5ef746c.php 第 74 行.
INFO: Run Behavior\ParseTemplateBehavior [ RunTime:0.033679s ]
INFO: [ view_parse ] --END-- [ RunTime:0.033730s ]
INFO: [ view_filter ] --START--
INFO: Run Behavior\WriteHtmlCacheBehavior [ RunTime:0.000138s ]
INFO: [ view_filter ] --END-- [ RunTime:0.000166s ]
INFO: [ app_end ] --START--
INFO: Run Behavior\ShowPageTraceBehavior [ RunTime:0.000407s ]
INFO: [ app_end ] --END-- [ RunTime:0.000456s ]

[ 2015-10-11T13:19:48+08:00 ] ::1 /taobaoke/index.php/Shop/index.html
INFO: [ app_init ] --START--
INFO: Run Behavior\BuildLiteBehavior [ RunTime:0.000013s ]
INFO: [ app_init ] --END-- [ RunTime:0.000116s ]
NOTIC: [8] Use of undefined constant WEB_ROOT - assumed 'WEB_ROOT' /Applications/XAMPP/xamppfiles/htdocs/taobaoke/Index/Home/Conf/config.php 第 15 行.
NOTIC: [8] Use of undefined constant WEB_ROOT - assumed 'WEB_ROOT' /Applications/XAMPP/xamppfiles/htdocs/taobaoke/Index/Home/Conf/config.php 第 17 行.
NOTIC: [2] include(simple_html_dom.php): failed to open stream: No such file or directory /Applications/XAMPP/xamppfiles/htdocs/taobaoke/Index/Home/Common/function.php 第 2 行.
NOTIC: [2] include(): Failed opening 'simple_html_dom.php' for inclusion (include_path='.:/Applications/XAMPP/xamppfiles/lib/php') /Applications/XAMPP/xamppfiles/htdocs/taobaoke/Index/Home/Common/function.php 第 2 行.
INFO: [ app_begin ] --START--
INFO: Run Behavior\ReadHtmlCacheBehavior [ RunTime:0.000778s ]
INFO: [ app_begin ] --END-- [ RunTime:0.000844s ]

[ 2015-10-11T13:19:51+08:00 ] ::1 /taobaoke/
INFO: [ app_init ] --START--
INFO: Run Behavior\BuildLiteBehavior [ RunTime:0.000016s ]
INFO: [ app_init ] --END-- [ RunTime:0.000080s ]
NOTIC: [8] Use of undefined constant WEB_ROOT - assumed 'WEB_ROOT' /Applications/XAMPP/xamppfiles/htdocs/taobaoke/Index/Home/Conf/config.php 第 15 行.
NOTIC: [8] Use of undefined constant WEB_ROOT - assumed 'WEB_ROOT' /Applications/XAMPP/xamppfiles/htdocs/taobaoke/Index/Home/Conf/config.php 第 17 行.
NOTIC: [2] include(simple_html_dom.php): failed to open stream: No such file or directory /Applications/XAMPP/xamppfiles/htdocs/taobaoke/Index/Home/Common/function.php 第 2 行.
NOTIC: [2] include(): Failed opening 'simple_html_dom.php' for inclusion (include_path='.:/Applications/XAMPP/xamppfiles/lib/php') /Applications/XAMPP/xamppfiles/htdocs/taobaoke/Index/Home/Common/function.php 第 2 行.
INFO: [ app_begin ] --START--
INFO: Run Behavior\ReadHtmlCacheBehavior [ RunTime:0.000576s ]
INFO: [ app_begin ] --END-- [ RunTime:0.000637s ]
SQL: SHOW COLUMNS FROM `yfl_scroll` [ RunTime:0.0016s ]
SQL: SELECT * FROM `yfl_scroll` WHERE `type` = 'SHOP' ORDER BY sort  [ RunTime:0.0004s ]
SQL: SELECT * FROM `yfl_scroll` WHERE `type` = 'INDEX' ORDER BY sort  [ RunTime:0.0003s ]
SQL: SHOW COLUMNS FROM `yfl_picture` [ RunTime:0.0012s ]
SQL: SELECT * FROM `yfl_picture` WHERE `type` = 'MANCLOTH' LIMIT 1   [ RunTime:0.0233s ]
SQL: SELECT * FROM `yfl_picture` WHERE `type` = 'WOMANCLOTH' LIMIT 1   [ RunTime:0.0004s ]
SQL: SELECT * FROM `yfl_picture` WHERE `type` = 'SHOE' LIMIT 1   [ RunTime:0.0003s ]
SQL: SHOW COLUMNS FROM `yfl_webinfo` [ RunTime:0.0014s ]
SQL: SELECT * FROM `yfl_webinfo` WHERE `type` = 'QQ' LIMIT 1   [ RunTime:0.0179s ]
INFO: [ view_parse ] --START--
INFO: [ template_filter ] --START--
INFO: Run Behavior\ContentReplaceBehavior [ RunTime:0.000042s ]
INFO: [ template_filter ] --END-- [ RunTime:0.000093s ]
NOTIC: [8] Undefined variable: key /Applications/XAMPP/xamppfiles/htdocs/taobaoke/Cache/Runtime/Index/Cache/Home/f8cf203eb98c60ed9cec339b90173a5c.php 第 97 行.
NOTIC: [8] Undefined variable: key /Applications/XAMPP/xamppfiles/htdocs/taobaoke/Cache/Runtime/Index/Cache/Home/f8cf203eb98c60ed9cec339b90173a5c.php 第 97 行.
NOTIC: [8] Undefined variable: key /Applications/XAMPP/xamppfiles/htdocs/taobaoke/Cache/Runtime/Index/Cache/Home/f8cf203eb98c60ed9cec339b90173a5c.php 第 104 行.
INFO: Run Behavior\ParseTemplateBehavior [ RunTime:0.028133s ]
INFO: [ view_parse ] --END-- [ RunTime:0.028199s ]
INFO: [ view_filter ] --START--
INFO: Run Behavior\WriteHtmlCacheBehavior [ RunTime:0.010092s ]
INFO: [ view_filter ] --END-- [ RunTime:0.010166s ]
INFO: [ app_end ] --START--
INFO: Run Behavior\ShowPageTraceBehavior [ RunTime:0.010796s ]
INFO: [ app_end ] --END-- [ RunTime:0.010894s ]

[ 2015-10-11T13:19:53+08:00 ] ::1 /taobaoke/index.php/Production/Mancloth.html
INFO: [ app_init ] --START--
INFO: Run Behavior\BuildLiteBehavior [ RunTime:0.000011s ]
INFO: [ app_init ] --END-- [ RunTime:0.000060s ]
NOTIC: [8] Use of undefined constant WEB_ROOT - assumed 'WEB_ROOT' /Applications/XAMPP/xamppfiles/htdocs/taobaoke/Index/Home/Conf/config.php 第 15 行.
NOTIC: [8] Use of undefined constant WEB_ROOT - assumed 'WEB_ROOT' /Applications/XAMPP/xamppfiles/htdocs/taobaoke/Index/Home/Conf/config.php 第 17 行.
NOTIC: [2] include(simple_html_dom.php): failed to open stream: No such file or directory /Applications/XAMPP/xamppfiles/htdocs/taobaoke/Index/Home/Common/function.php 第 2 行.
NOTIC: [2] include(): Failed opening 'simple_html_dom.php' for inclusion (include_path='.:/Applications/XAMPP/xamppfiles/lib/php') /Applications/XAMPP/xamppfiles/htdocs/taobaoke/Index/Home/Common/function.php 第 2 行.
INFO: [ app_begin ] --START--
INFO: Run Behavior\ReadHtmlCacheBehavior [ RunTime:0.000378s ]
INFO: [ app_begin ] --END-- [ RunTime:0.000436s ]
SQL: SHOW COLUMNS FROM `yfl_scroll` [ RunTime:0.0014s ]
SQL: SELECT * FROM `yfl_scroll` WHERE `type` = 'SHOP' ORDER BY sort  [ RunTime:0.0004s ]
SQL: SELECT * FROM `yfl_scroll` WHERE `type` = 'PRODUCTION' ORDER BY sort  [ RunTime:0.0003s ]
NOTIC: [8] Undefined index: classify /Applications/XAMPP/xamppfiles/htdocs/taobaoke/Index/Home/Controller/ProductionController.class.php 第 60 行.
NOTIC: [8] Undefined index: p /Applications/XAMPP/xamppfiles/htdocs/taobaoke/Index/Home/Controller/ProductionController.class.php 第 69 行.
SQL: SHOW COLUMNS FROM `yfl_production` [ RunTime:0.0013s ]
SQL: SELECT * FROM `yfl_production` WHERE `type` = 'MANCLOTH' ORDER BY sort LIMIT 0,15   [ RunTime:0.0004s ]
SQL: SELECT COUNT(*) AS tp_count FROM `yfl_production` WHERE `type` = 'MANCLOTH' LIMIT 1   [ RunTime:0.0002s ]
SQL: SHOW COLUMNS FROM `yfl_classification` [ RunTime:0.0014s ]
SQL: SELECT * FROM `yfl_classification` WHERE `type` = 'MANCLOTH' ORDER BY sort  [ RunTime:0.0220s ]
SQL: SHOW COLUMNS FROM `yfl_webinfo` [ RunTime:0.0017s ]
SQL: SELECT * FROM `yfl_webinfo` WHERE `type` = 'BEIAN' LIMIT 1   [ RunTime:0.0003s ]
SQL: SELECT * FROM `yfl_webinfo` WHERE `type` = 'BANQUAN' LIMIT 1   [ RunTime:0.0003s ]
INFO: [ view_parse ] --START--
INFO: [ template_filter ] --START--
INFO: Run Behavior\ContentReplaceBehavior [ RunTime:0.000050s ]
INFO: [ template_filter ] --END-- [ RunTime:0.000093s ]
NOTIC: [8] Undefined variable: QQ /Applications/XAMPP/xamppfiles/htdocs/taobaoke/Cache/Runtime/Index/Cache/Home/033695aaea9a9fbecd9a1c88d5ef746c.php 第 74 行.
NOTIC: [8] Undefined variable: key /Applications/XAMPP/xamppfiles/htdocs/taobaoke/Cache/Runtime/Index/Cache/Home/033695aaea9a9fbecd9a1c88d5ef746c.php 第 179 行.
NOTIC: [8] Undefined variable: key /Applications/XAMPP/xamppfiles/htdocs/taobaoke/Cache/Runtime/Index/Cache/Home/033695aaea9a9fbecd9a1c88d5ef746c.php 第 179 行.
INFO: Run Behavior\ParseTemplateBehavior [ RunTime:0.023704s ]
INFO: [ view_parse ] --END-- [ RunTime:0.023748s ]
INFO: [ view_filter ] --START--
INFO: Run Behavior\WriteHtmlCacheBehavior [ RunTime:0.000122s ]
INFO: [ view_filter ] --END-- [ RunTime:0.000150s ]
INFO: [ app_end ] --START--
INFO: Run Behavior\ShowPageTraceBehavior [ RunTime:0.000415s ]
INFO: [ app_end ] --END-- [ RunTime:0.000466s ]

[ 2015-10-11T17:19:10+08:00 ] ::1 /taobaoke/index.php/Index/index.html
INFO: [ app_init ] --START--
INFO: Run Behavior\BuildLiteBehavior [ RunTime:0.000070s ]
INFO: [ app_init ] --END-- [ RunTime:0.000191s ]
NOTIC: [8] Use of undefined constant WEB_ROOT - assumed 'WEB_ROOT' /Applications/XAMPP/xamppfiles/htdocs/taobaoke/Index/Home/Conf/config.php 第 15 行.
NOTIC: [8] Use of undefined constant WEB_ROOT - assumed 'WEB_ROOT' /Applications/XAMPP/xamppfiles/htdocs/taobaoke/Index/Home/Conf/config.php 第 17 行.
NOTIC: [2] include(simple_html_dom.php): failed to open stream: No such file or directory /Applications/XAMPP/xamppfiles/htdocs/taobaoke/Index/Home/Common/function.php 第 2 行.
NOTIC: [2] include(): Failed opening 'simple_html_dom.php' for inclusion (include_path='.:/Applications/XAMPP/xamppfiles/lib/php') /Applications/XAMPP/xamppfiles/htdocs/taobaoke/Index/Home/Common/function.php 第 2 行.
INFO: [ app_begin ] --START--
INFO: Run Behavior\ReadHtmlCacheBehavior [ RunTime:0.000733s ]
INFO: [ app_begin ] --END-- [ RunTime:0.000793s ]
SQL: SHOW COLUMNS FROM `yhl_scroll` [ RunTime:0.0221s ]
SQL: SELECT * FROM `yhl_scroll` WHERE `type` = 'SHOP' ORDER BY sort  [ RunTime:0.0008s ]
SQL: SELECT * FROM `yhl_scroll` WHERE `type` = 'INDEX' ORDER BY sort  [ RunTime:0.0004s ]
SQL: SHOW COLUMNS FROM `yhl_picture` [ RunTime:0.0016s ]
SQL: SELECT * FROM `yhl_picture` WHERE `type` = 'MANCLOTH' LIMIT 1   [ RunTime:0.0003s ]
SQL: SELECT * FROM `yhl_picture` WHERE `type` = 'WOMANCLOTH' LIMIT 1   [ RunTime:0.0002s ]
SQL: SELECT * FROM `yhl_picture` WHERE `type` = 'SHOE' LIMIT 1   [ RunTime:0.0002s ]
SQL: SHOW COLUMNS FROM `yhl_webinfo` [ RunTime:0.0013s ]
SQL: SELECT * FROM `yhl_webinfo` WHERE `type` = 'QQ' LIMIT 1   [ RunTime:0.0005s ]
INFO: [ view_parse ] --START--
INFO: [ template_filter ] --START--
INFO: Run Behavior\ContentReplaceBehavior [ RunTime:0.000040s ]
INFO: [ template_filter ] --END-- [ RunTime:0.000090s ]
NOTIC: [8] Undefined variable: key /Applications/XAMPP/xamppfiles/htdocs/taobaoke/Cache/Runtime/Index/Cache/Home/f8cf203eb98c60ed9cec339b90173a5c.php 第 97 行.
NOTIC: [8] Undefined variable: key /Applications/XAMPP/xamppfiles/htdocs/taobaoke/Cache/Runtime/Index/Cache/Home/f8cf203eb98c60ed9cec339b90173a5c.php 第 97 行.
NOTIC: [8] Undefined variable: key /Applications/XAMPP/xamppfiles/htdocs/taobaoke/Cache/Runtime/Index/Cache/Home/f8cf203eb98c60ed9cec339b90173a5c.php 第 104 行.
INFO: Run Behavior\ParseTemplateBehavior [ RunTime:0.040058s ]
INFO: [ view_parse ] --END-- [ RunTime:0.040147s ]
INFO: [ view_filter ] --START--
INFO: Run Behavior\WriteHtmlCacheBehavior [ RunTime:0.009246s ]
INFO: [ view_filter ] --END-- [ RunTime:0.009311s ]
INFO: [ app_end ] --START--
INFO: Run Behavior\ShowPageTraceBehavior [ RunTime:0.010966s ]
INFO: [ app_end ] --END-- [ RunTime:0.011049s ]

[ 2015-10-11T17:19:12+08:00 ] ::1 /taobaoke/index.php/Production/Mancloth.html
INFO: [ app_init ] --START--
INFO: Run Behavior\BuildLiteBehavior [ RunTime:0.000008s ]
INFO: [ app_init ] --END-- [ RunTime:0.000046s ]
NOTIC: [8] Use of undefined constant WEB_ROOT - assumed 'WEB_ROOT' /Applications/XAMPP/xamppfiles/htdocs/taobaoke/Index/Home/Conf/config.php 第 15 行.
NOTIC: [8] Use of undefined constant WEB_ROOT - assumed 'WEB_ROOT' /Applications/XAMPP/xamppfiles/htdocs/taobaoke/Index/Home/Conf/config.php 第 17 行.
NOTIC: [2] include(simple_html_dom.php): failed to open stream: No such file or directory /Applications/XAMPP/xamppfiles/htdocs/taobaoke/Index/Home/Common/function.php 第 2 行.
NOTIC: [2] include(): Failed opening 'simple_html_dom.php' for inclusion (include_path='.:/Applications/XAMPP/xamppfiles/lib/php') /Applications/XAMPP/xamppfiles/htdocs/taobaoke/Index/Home/Common/function.php 第 2 行.
INFO: [ app_begin ] --START--
INFO: Run Behavior\ReadHtmlCacheBehavior [ RunTime:0.000293s ]
INFO: [ app_begin ] --END-- [ RunTime:0.000323s ]
SQL: SHOW COLUMNS FROM `yhl_scroll` [ RunTime:0.0014s ]
SQL: SELECT * FROM `yhl_scroll` WHERE `type` = 'SHOP' ORDER BY sort  [ RunTime:0.0003s ]
SQL: SELECT * FROM `yhl_scroll` WHERE `type` = 'PRODUCTION' ORDER BY sort  [ RunTime:0.0002s ]
NOTIC: [8] Undefined index: classify /Applications/XAMPP/xamppfiles/htdocs/taobaoke/Index/Home/Controller/ProductionController.class.php 第 60 行.
NOTIC: [8] Undefined index: p /Applications/XAMPP/xamppfiles/htdocs/taobaoke/Index/Home/Controller/ProductionController.class.php 第 69 行.
SQL: SHOW COLUMNS FROM `yhl_production` [ RunTime:0.0015s ]
SQL: SELECT * FROM `yhl_production` WHERE `type` = 'MANCLOTH' ORDER BY sort LIMIT 0,15   [ RunTime:0.0004s ]
SQL: SELECT COUNT(*) AS tp_count FROM `yhl_production` WHERE `type` = 'MANCLOTH' LIMIT 1   [ RunTime:0.0002s ]
SQL: SHOW COLUMNS FROM `yhl_classification` [ RunTime:0.0014s ]
SQL: SELECT * FROM `yhl_classification` WHERE `type` = 'MANCLOTH' ORDER BY sort  [ RunTime:0.0003s ]
SQL: SHOW COLUMNS FROM `yhl_webinfo` [ RunTime:0.0012s ]
SQL: SELECT * FROM `yhl_webinfo` WHERE `type` = 'BEIAN' LIMIT 1   [ RunTime:0.0002s ]
SQL: SELECT * FROM `yhl_webinfo` WHERE `type` = 'BANQUAN' LIMIT 1   [ RunTime:0.0002s ]
INFO: [ view_parse ] --START--
INFO: [ template_filter ] --START--
INFO: Run Behavior\ContentReplaceBehavior [ RunTime:0.000048s ]
INFO: [ template_filter ] --END-- [ RunTime:0.000091s ]
NOTIC: [8] Undefined variable: QQ /Applications/XAMPP/xamppfiles/htdocs/taobaoke/Cache/Runtime/Index/Cache/Home/033695aaea9a9fbecd9a1c88d5ef746c.php 第 74 行.
NOTIC: [8] Undefined variable: key /Applications/XAMPP/xamppfiles/htdocs/taobaoke/Cache/Runtime/Index/Cache/Home/033695aaea9a9fbecd9a1c88d5ef746c.php 第 179 行.
NOTIC: [8] Undefined variable: key /Applications/XAMPP/xamppfiles/htdocs/taobaoke/Cache/Runtime/Index/Cache/Home/033695aaea9a9fbecd9a1c88d5ef746c.php 第 179 行.
INFO: Run Behavior\ParseTemplateBehavior [ RunTime:0.034323s ]
INFO: [ view_parse ] --END-- [ RunTime:0.034357s ]
INFO: [ view_filter ] --START--
INFO: Run Behavior\WriteHtmlCacheBehavior [ RunTime:0.000108s ]
INFO: [ view_filter ] --END-- [ RunTime:0.000136s ]
INFO: [ app_end ] --START--
INFO: Run Behavior\ShowPageTraceBehavior [ RunTime:0.000504s ]
INFO: [ app_end ] --END-- [ RunTime:0.000552s ]

